Freq, i_avg, r_avg, i_qf_avg, r_qf_avg, i_i_avg, r_i_avg, i_q_avg, r_q_avg
[ANTENNA_MEASUREMENT_VALUE_0]
2400.000,  69,  94, 253, 253,   -2,  -14,   21,   15
2401.000, 183, 210, 253, 252,   -5,   10,  -22,  -21
2402.000,  34,  67, 251, 254,   14,   -2,   16,   26
2403.000, 142, 178, 254, 253,  -20,   -9,   -7,  -26
2404.000, 245,  30, 253, 252,   22,   20,   -6,   18
2405.000,  89, 129, 254, 252,  -15,  -26,   21,   -1
2406.000, 187, 230, 252, 253,   -3,   22,  -27,  -17
2407.000,  29,  75, 252, 253,   23,   -8,   20,   30
2408.000, 126, 178, 254, 254,  -35,  -12,    2,  -32
2409.000, 220,  23, 253, 252,   24,   32,  -30,   20
2410.000,  58, 127, 248, 254,    6,  -43,   43,    1
2411.000, 150, 231, 251, 255,  -42,   40,  -26,  -28
2412.000, 241,  78, 250, 253,   49,  -19,  -19,   51
2413.000,  75, 184, 250, 253,  -15,  -12,   52,  -60
2414.000, 168,  33, 251, 254,  -30,   44,  -44,   48
2415.000,   4, 141, 255, 253,   55,  -63,    6,  -21
2416.000,  98, 243, 254, 255,  -42,   63,   38,  -20
2417.000, 189,  92, 253, 252,   -5,  -44,  -58,   53
2418.000,  23, 196, 253, 255,   49,    7,   31,  -71
2419.000, 119,  43, 251, 254,  -58,   37,   13,   63
2420.000, 215, 148, 252, 255,   33,  -65,  -52,  -34
2421.000,  53, 251, 252, 250,   17,   75,   63,   -9
2422.000, 147, 100, 253, 255,  -63,  -60,  -32,   50
2423.000, 240, 203, 250, 253,   71,   21,  -29,  -80
2424.000,  76,  50, 251, 253,  -23,   29,   80,   84
2425.000, 166, 154, 250, 251,  -53,  -77,  -71,  -58
2426.000, 255,   3, 249, 255,   93,  104,   -1,    7
2427.000,  89, 110, 246, 255,  -54, -101,   77,   48
2428.000, 178, 217, 253, 253,  -31,   68,  -87,  -95
2429.000,  12,  67, 252, 253,   85,   -9,   25,  118
2430.000, 103, 174, 250, 255,  -70,  -49,   50, -105
2431.000, 195,  24, 252, 252,    6,   93,  -84,   62
2432.000,  31, 131, 248, 253,   61, -109,   56,   -7
2433.000, 123, 236, 252, 252,  -77,   94,    9,  -49
2434.000, 218,  88, 248, 253,   43,  -58,  -60,   87
2435.000,  54, 193, 254, 255,   17,    3,   68,  -98
2436.000, 148,  41, 252, 253,  -59,   50,  -32,   78
2437.000, 243, 144, 251, 252,   63,  -82,  -20,  -34
2438.000,  82, 247, 253, 252,  -29,   83,   60,  -18
2439.000, 176,  93, 252, 255,  -28,  -54,  -65,   63
2440.000,  12, 194, 251, 255,   72,    5,   21,  -84
2441.000, 100,  40, 253, 250,  -60,   49,   51,   74
2442.000, 189, 148, 249, 254,   -5,  -84,  -78,  -43
2443.000,  22, 253, 248, 255,   66,   98,   40,   -7
2444.000, 112, 104, 253, 253,  -66,  -81,   27,   55
2445.000, 205, 214, 251, 253,   19,   51,  -62,  -82
2446.000,  39,  67, 251, 254,   33,   -7,   47,   89
2447.000, 132, 174, 253, 255,  -51,  -34,   -4,  -73
2448.000, 222,  25, 252, 254,   30,   59,  -32,   41
2449.000,  61, 129, 252, 253,    3,  -64,   35,   -1
2450.000, 157, 234, 251, 254,  -22,   47,  -19,  -28
2451.000,   4,  81, 254, 255,   25,  -18,    2,   40
2452.000, 104, 180, 255, 251,  -20,  -10,   14,  -34
2453.000, 203,  20, 250, 253,    6,   28,  -22,   14
2454.000,  46, 115, 252, 252,   10,  -28,   22,    9
2455.000, 145, 212, 253, 255,  -24,   13,  -10,  -25
2456.000, 241,  53, 252, 254,   26,    8,  -10,   29
2457.000,  80, 155, 253, 253,  -11,  -25,   27,  -19
2458.000, 177,   1, 254, 250,  -10,   34,  -27,    1
2459.000,  19, 104, 254, 250,   27,  -29,   13,   20
2460.000, 115, 205, 254, 250,  -31,   11,   10,  -33
2461.000, 209,  48, 252, 250,   15,   14,  -33,   33
2462.000,  46, 148, 253, 254,   16,  -35,   34,  -19
2463.000, 140, 251, 252, 254,  -38,   44,  -11,   -5
2464.000, 233, 100, 251, 254,   34,  -35,  -22,   30
2465.000,  71, 202, 251, 254,   -7,   11,   42,  -46
2466.000, 162,  47, 251, 253,  -30,   20,  -34,   44
2467.000, 254, 150, 253, 254,   48,  -44,   -2,  -26
2468.000,  92,   1, 252, 248,  -30,   55,   36,    1
2469.000, 186, 105, 248, 251,   -6,  -49,  -46,   30
2470.000,  24, 213, 251, 252,   40,   28,   27,  -49
2471.000, 121,  58, 251, 252,  -51,    8,    9,   56
2472.000, 211, 161, 251, 253,   24,  -39,  -49,  -42
2473.000,  47,   8, 252, 253,   23,   61,   52,   12
2474.000, 138, 113, 255, 253,  -59,  -61,  -14,   23
2475.000, 229, 218, 252, 253,   50,   40,  -40,  -55
2476.000,  60,  68, 253, 253,    6,   -8,   65,   71
2477.000, 148, 175, 251, 251,  -56,  -31,  -30,  -69
2478.000, 238,  26, 251, 254,   52,   63,  -25,   45
2479.000,  74, 136, 252, 253,  -12,  -74,   52,  -14

[ANTENNA_MEASUREMENT_VALUE_1]
2400.000, 188,   2, 252, 252,   -3,   26,  -31,    1
2401.000,  23, 100, 251, 255,   26,  -20,   17,   16
2402.000, 116, 203, 252, 251,  -29,    7,    9,  -25
2403.000, 212,  49, 253, 252,   13,   10,  -25,   24
2404.000,  52, 153, 254, 255,    8,  -21,   28,  -14
2405.000, 146, 253, 252, 253,  -28,   24,  -13,   -2
2406.000, 240,  97, 252, 254,   30,  -18,  -12,   18
2407.000,  76, 201, 252, 253,   -9,    6,   30,  -26
2408.000, 170,  50, 251, 254,  -16,   10,  -27,   26
2409.000,   7, 156, 252, 254,   30,  -21,    5,  -17
2410.000, 101,   4, 252, 253,  -22,   27,   17,    3
2411.000, 198, 111, 251, 255,    4,  -24,  -25,   11
2412.000,  39, 214, 254, 253,   14,   12,   20,  -20
2413.000, 138,  59, 252, 254,  -24,    3,   -6,   22
2414.000, 232, 157, 251, 254,   22,  -16,  -14,  -13
2415.000,  72,   1, 252, 252,   -5,   21,   27,    0
2416.000, 166, 100, 252, 254,  -16,  -17,  -22,   14
2417.000,   3, 203, 254, 253,   26,    6,    2,  -23
2418.000,  97,  49, 252, 253,  -19,    9,   18,   22
2419.000, 198, 152, 255, 253,    4,  -19,  -27,  -12
2420.000,  37, 252, 251, 251,   19,   22,   24,   -2
2421.000, 131,  96, 252, 253,  -32,  -17,   -3,   17
2422.000, 226, 199, 250, 253,   25,    5,  -22,  -26
2423.000,  64,  47, 252, 253,    0,   11,   35,   25
2424.000, 158, 149, 253, 251,  -27,  -25,  -24,  -14
2425.000, 253, 253, 253, 254,   38,   30,   -3,   -2
2426.000,  89, 100, 248, 252,  -23,  -24,   33,   20
2427.000, 181, 202, 253, 254,  -12,    8,  -41,  -32
2428.000,  16,  50, 252, 253,   40,   12,   16,   33
2429.000, 108, 154, 252, 253,  -39,  -29,   20,  -22
2430.000, 198,   1, 254, 252,    6,   37,  -42,    1
2431.000,  36, 106, 251, 251,   26,  -32,   32,   19
2432.000, 132, 212, 253, 253,  -40,   18,   -3,  -33
2433.000, 230,  61, 252, 254,   33,    3,  -24,   35
2434.000,  69, 164, 248, 254,   -5,  -22,   43,  -26
2435.000, 162,   9, 253, 253,  -31,   35,  -35,    7
2436.000, 255, 111, 252, 254,   49,  -34,   -2,   15
2437.000,  91, 214, 254, 253,  -31,   20,   40,  -34
2438.000, 182,  63, 251, 251,  -12,    2,  -51,   42
2439.000,  18, 166, 254, 254,   49,  -26,   23,  -35
2440.000, 108,  15, 250, 255,  -49,   42,   26,   16
2441.000, 198, 119, 253, 253,    7,  -45,  -54,   10
2442.000,  35, 227, 252, 251,   35,   36,   40,  -31
2443.000, 126,  77, 255, 252,  -51,  -14,    3,   44
2444.000, 216, 180, 255, 252,   28,  -13,  -41,  -44
2445.000,  54,  33, 254, 255,   11,   30,   45,   32
2446.000, 148, 139, 254, 254,  -37,  -41,  -20,  -11
2447.000, 242, 244, 252, 251,   37,   38,  -13,  -11
2448.000,  81,  92, 255, 250,  -15,  -23,   33,   28
2449.000, 177, 196, 252, 254,  -13,    3,  -32,  -33
2450.000,  17,  41, 250, 252,   31,   17,   13,   26
2451.000, 113, 143, 251, 249,  -31,  -28,   12,  -10
2452.000, 208, 243, 252, 254,   13,   27,  -31,   -9
2453.000,  47,  88, 251, 254,   14,  -16,   31,   24
2454.000, 139, 188, 254, 253,  -33,   -3,   -9,  -28
2455.000, 235,  35, 253, 254,   31,   19,  -17,   22
2456.000,  74, 137, 253, 254,   -8,  -29,   35,   -7
2457.000, 168, 241, 252, 253,  -20,   28,  -30,  -11
2458.000,   6,  90, 254, 252,   35,  -18,    5,   25
2459.000, 100, 194, 250, 253,  -27,    2,   22,  -31
2460.000, 195,  42, 253, 254,    3,   15,  -35,   26
2461.000,  32, 145, 251, 253,   25,  -27,   25,  -12
2462.000, 126, 248, 253, 253,  -34,   29,    2,   -6
2463.000, 221,  96, 254, 253,   21,  -21,  -25,   21
2464.000,  60, 200, 252, 255,    3,    6,   32,  -28
2465.000, 155,  45, 252, 253,  -26,   13,  -20,   25
2466.000, 248, 144, 252, 254,   32,  -25,   -6,  -10
2467.000,  87, 247, 254, 251,  -18,   27,   29,   -6
2468.000, 182,  95, 253, 255,   -8,  -19,  -34,   20
2469.000,  20, 197, 252, 252,   32,    3,   17,  -29
2470.000, 114,  45, 254, 252,  -34,   14,   12,   27
2471.000, 209, 150, 252, 253,   14,  -26,  -32,  -16
2472.000,  46, 255, 250, 252,   14,   30,   30,   -1
2473.000, 143, 102, 250, 252,  -32,  -24,  -12,   18
2474.000, 238, 204, 251, 251,   32,    8,  -15,  -27
2475.000,  75,  49, 252, 252,  -10,   11,   35,   27
2476.000, 167, 151, 252, 251,  -21,  -25,  -29,  -16
2477.000,   4, 255, 253, 253,   36,   31,    4,    0
2478.000,  97, 104, 251, 254,  -26,  -25,   25,   17
2479.000, 190, 207, 248, 250,   -2,   11,  -35,  -29

[ANTENNA_MEASUREMENT_VALUE_2]
2400.000,  27,  70, 253, 255,   11,   -2,    8,   14
2401.000, 117, 170, 252, 253,  -14,   -8,    4,  -13
2402.000, 207,  15, 252, 253,    5,   15,  -14,    6
2403.000,  40, 119, 251, 252,    8,  -17,   12,    4
2404.000, 133, 227, 253, 252,  -14,   14,   -2,  -12
2405.000, 226,  76, 253, 252,   10,   -5,   -9,   17
2406.000,  65, 181, 251, 253,    0,   -5,   13,  -17
2407.000, 161,  30, 252, 254,   -9,   12,   -9,   11
2408.000,   2, 132, 252, 253,   12,  -15,    0,   -1
2409.000,  98, 235, 251, 252,  -10,   13,    9,   -7
2410.000, 193,  81, 253, 254,    0,   -6,  -13,   14
2411.000,  32, 185, 253, 251,    9,   -3,    9,  -15
2412.000, 126,  32, 253, 253,  -13,   11,    1,   11
2413.000, 225, 136, 253, 249,    9,  -15,   -9,   -3
2414.000,  66, 237, 253, 254,   -1,   13,   14,   -7
2415.000, 161,  80, 254, 252,  -10,   -6,  -11,   14
2416.000, 252, 177, 253, 254,   17,   -6,   -2,  -15
2417.000,  87,  25, 251, 254,  -10,   15,   15,   10
2418.000, 176, 127, 254, 252,   -7,  -20,  -17,    0
2419.000,  14, 234, 255, 251,   19,   18,    6,  -11
2420.000, 106,  85, 253, 251,  -17,  -11,   10,   19
2421.000, 198, 191, 252, 253,    3,    0,  -20,  -23
2422.000,  34,  42, 251, 253,   13,   12,   15,   20
2423.000, 126, 148, 252, 253,  -19,  -21,    1,  -10
2424.000, 218, 253, 251, 255,   11,   23,  -14,   -2
2425.000,  56, 102, 252, 252,    3,  -18,   16,   13
2426.000, 152, 208, 251, 251,  -13,    8,   -8,  -19
2427.000, 250,  55, 252, 253,   15,    4,   -2,   19
2428.000,  90, 156, 253, 255,   -9,  -13,   12,  -11
2429.000, 186, 255, 253, 254,   -2,   17,  -16,    0
2430.000,  22,  98, 251, 253,   16,  -13,    9,   12
2431.000, 114, 198, 254, 254,  -19,    3,    7,  -19
2432.000, 206,  47, 253, 251,    7,    8,  -19,   19
2433.000,  41, 153, 255, 253,   11,  -19,   17,  -13
2434.000, 134,   5, 252, 252,  -20,   23,   -3,    3
2435.000, 224, 111, 253, 252,   14,  -21,  -14,   10
2436.000,  59, 217, 252, 253,    2,   13,   18,  -19
2437.000, 152,  67, 250, 253,  -14,   -2,   -9,   22
2438.000, 245, 172, 250, 254,   14,  -10,   -4,  -18
2439.000,  88,  21, 249, 253,   -7,   16,   11,    9
2440.000, 186, 123, 252, 253,   -2,  -16,  -12,    2
2441.000,  28, 220, 249, 252,   10,    9,    8,  -11
2442.000, 123,  65, 251, 253,  -14,    0,    2,   14
2443.000, 219, 161, 252, 255,   10,  -10,  -12,  -10
2444.000,  56,   4, 251, 251,    3,   16,   17,    1
2445.000, 149, 109, 254, 253,  -15,  -16,   -8,    8
2446.000, 243, 215, 252, 252,   16,   10,   -5,  -16
2447.000,  78,  66, 254, 253,   -6,   -1,   15,   19
2448.000, 174, 170, 250, 254,   -7,  -10,  -14,  -16
2449.000,  13,  17, 252, 254,   15,   17,    5,    8
2450.000, 109, 119, 250, 254,  -14,  -17,    7,    4
2451.000, 203, 222, 251, 251,    4,   11,  -16,  -13
2452.000,  41,  66, 253, 254,    9,   -1,   14,   18
2453.000, 135, 168, 252, 253,  -16,  -10,   -3,  -15
2454.000, 228,  14, 252, 254,   13,   17,  -10,    6
2455.000,  67, 117, 255, 251,   -1,  -18,   17,    5
2456.000, 161, 220, 253, 253,  -12,   12,  -13,  -14
2457.000, 255,  68, 253, 252,   18,   -2,   -1,   20
2458.000,  95, 173, 252, 250,  -12,   -9,   12,  -18
2459.000, 191,  22, 251, 253,    0,   18,  -18,   10
2460.000,  30, 123, 252, 253,   15,  -20,   13,    2
2461.000, 123, 224, 251, 253,  -21,   15,    3,  -15
2462.000, 214,  71, 254, 252,   12,   -4,  -19,   22
2463.000,  49, 176, 252, 252,    8,  -10,   22,  -22
2464.000, 139,  25, 252, 252,  -22,   21,   -6,   14
2465.000, 230, 129, 255, 252,   17,  -27,  -13,   -1
2466.000,  66, 234, 252, 254,   -1,   23,   20,  -14
2467.000, 162,  85, 252, 252,  -13,  -12,  -14,   22
2468.000,   4, 189, 253, 251,   20,   -2,    2,  -23
2469.000,  96,  34, 252, 253,  -15,   15,   15,   17
2470.000, 190, 137, 252, 253,   -1,  -23,  -20,   -5
2471.000,  29, 242, 251, 253,   16,   22,   13,   -8
2472.000, 123,  90, 252, 254,  -21,  -14,    3,   19
2473.000, 216, 193, 252, 253,   12,    0,  -18,  -24
2474.000,  54,  41, 252, 254,    5,   13,   20,   21
2475.000, 149, 144, 252, 252,  -18,  -23,  -10,  -10
2476.000, 242, 249, 254, 249,   21,   24,   -8,   -4
2477.000,  77,  94, 253, 253,   -8,  -17,   22,   18
2478.000, 168, 197, 249, 254,  -13,    3,  -20,  -26
2479.000,   4,  47, 252, 255,   23,   11,    2,   26

[ANTENNA_MEASUREMENT_VALUE_3]
2400.000, 143,  17, 252, 252,  -15,   11,   -5,    5
2401.000, 236, 115, 250, 250,   14,  -10,   -7,    3
2402.000,  74, 213, 254, 253,   -4,    5,   15,   -8
2403.000, 172,  58, 250, 252,   -6,    2,  -12,    9
2404.000,  19, 160, 253, 250,   13,   -6,    6,   -6
2405.000, 114,   3, 252, 255,  -15,    8,    6,    1
2406.000, 206,  97, 253, 252,    6,   -6,  -16,    6
2407.000,  41, 200, 253, 252,   10,    2,   15,  -10
2408.000, 133,  49, 253, 246,  -18,    4,   -2,   10
2409.000, 221, 156, 251, 249,   11,   -9,  -13,   -7
2410.000,  54,   7, 251, 248,    3,   11,   13,    2
2411.000, 158, 117, 251, 255,   -6,  -10,   -6,    3
2412.000,  14, 226, 249, 250,    7,    6,    3,   -5
2413.000, 123,  66, 253, 252,  -10,    0,    1,    5
2414.000, 219, 150, 252, 249,    8,   -4,  -10,   -2
2415.000,  57, 236, 252, 245,    3,    5,   14,   -3
2416.000, 148,  81, 252, 251,  -14,   -3,   -7,    7
2417.000, 243, 185, 250, 248,   15,   -1,   -5,   -8
2418.000,  81,  34, 252, 255,   -6,    6,   15,    7
2419.000, 181, 136, 253, 250,   -4,   -9,  -16,   -2
2420.000,  23, 238, 252, 247,   18,    9,   11,   -4
2421.000, 113,  82, 252, 250,  -22,   -4,    9,    9
2422.000, 205, 183, 251, 254,    8,   -3,  -23,  -12
2423.000,  42,  35, 252, 251,   13,   10,   21,   11
2424.000, 136, 141, 251, 248,  -23,  -14,   -5,   -5
2425.000, 231, 246, 253, 254,   21,   14,  -15,   -4
2426.000,  67,  93, 252, 251,   -2,   -9,   26,   11
2427.000, 161, 195, 250, 253,  -18,    1,  -19,  -15
2428.000, 255,  42, 253, 253,   26,    8,   -1,   14
2429.000,  95, 147, 253, 255,  -19,  -14,   20,   -7
2430.000, 186, 247, 253, 252,   -4,   15,  -29,   -3
2431.000,  25,  93, 254, 249,   24,  -11,   17,   13
2432.000, 121, 197, 252, 254,  -30,    2,    5,  -17
2433.000, 217,  46, 254, 254,   19,    8,  -27,   16
2434.000,  56, 150, 254, 252,    7,  -15,   33,   -9
2435.000, 150, 252, 250, 254,  -30,   19,  -18,   -2
2436.000, 245, 100, 251, 255,   36,  -16,  -10,   13
2437.000,  84, 202, 254, 254,  -19,    5,   37,  -20
2438.000, 176,  48, 250, 251,  -18,    9,  -44,   20
2439.000,  10, 151, 254, 253,   51,  -21,   12,  -13
2440.000,  99, 255, 251, 252,  -41,   28,   36,   -1
2441.000, 185, 104, 254, 253,  -10,  -26,  -54,   17
2442.000,  19, 213, 251, 255,   47,   16,   24,  -28
2443.000, 112,  66, 252, 251,  -46,   -1,   19,   33
2444.000, 208, 172, 252, 253,   18,  -15,  -43,  -28
2445.000,  46,  24, 255, 255,   20,   24,   40,   16
2446.000, 142, 129, 250, 251,  -41,  -27,  -14,   -1
2447.000, 236, 233, 254, 253,   38,   22,  -20,  -14
2448.000,  77,  79, 253, 253,  -13,   -9,   40,   24
2449.000, 173, 182, 253, 252,  -20,   -6,  -39,  -25
2450.000,  12,  27, 248, 254,   45,   20,   13,   15
2451.000, 106, 129, 253, 255,  -44,  -26,   28,    0
2452.000, 196, 230, 253, 251,    6,   22,  -57,  -17
2453.000,  30,  77, 252, 249,   45,   -9,   40,   29
2454.000, 117, 180, 254, 252,  -59,  -10,   16,  -33
2455.000, 208,  33, 254, 254,   22,   25,  -53,   25
2456.000,  46, 141, 249, 252,   24,  -34,   49,  -11
2457.000, 141, 248, 251, 253,  -50,   33,  -16,   -7
2458.000, 237,  98, 254, 255,   46,  -24,  -23,   22
2459.000,  75, 203, 252, 253,  -14,    8,   51,  -30
2460.000, 168,  49, 248, 252,  -30,   11,  -45,   28
2461.000,   4, 152, 252, 253,   54,  -26,    6,  -17
2462.000,  96, 255, 250, 253,  -38,   32,   39,    0
2463.000, 190, 105, 252, 253,   -2,  -27,  -53,   17
2464.000,  26, 210, 253, 252,   43,   14,   31,  -28
2465.000, 119,  57, 251, 254,  -52,    6,   12,   31
2466.000, 208, 160, 252, 253,   21,  -22,  -49,  -22
2467.000,  45,   9, 251, 252,   24,   30,   47,    6
2468.000, 139, 113, 254, 252,  -50,  -29,  -14,   11
2469.000, 230, 220, 253, 253,   40,   19,  -29,  -24
2470.000,  68,  72, 254, 250,   -4,   -6,   47,   30
2471.000, 160, 177, 252, 251,  -31,  -11,  -31,  -27
2472.000,   0,  27, 249, 251,   40,   22,    0,   17
2473.000,  98, 132, 252, 253,  -28,  -25,   26,   -2
2474.000, 192, 233, 252, 254,    0,   20,  -39,  -13
2475.000,  30,  78, 251, 254,   32,   -8,   28,   21
2476.000, 120, 178, 250, 252,  -41,   -8,    8,  -22
2477.000, 213,  26, 253, 251,   20,   20,  -35,   15
2478.000,  47, 132, 253, 255,   16,  -24,   35,   -3
2479.000, 139, 239, 252, 254,  -34,   22,   -9,  -10

[PMU_VALUES_END]

[AGCTGT_INITIATOR]
[ 1 1 1 1 ]
[AGCTGT_INITIATOR_END]
[AGCTGT_REFLECTOR]
[ 1 1 1 1 ]
[AGCTGT_REFLECTOR_END]
[OVERDRIVING_INITIATOR]
[ 0 0 0 0 ]
[OVERDRIVING_INITIATOR_END]
[OVERDRIVING_REFLECTOR]
[ 0 0 0 0 ]
[OVERDRIVING_REFLECTOR_END]
FIRMWARE VERSION: 1979
