Freq, i_avg, r_avg, i_qf_avg, r_qf_avg, i_i_avg, r_i_avg, i_q_avg, r_q_avg
[ANTENNA_MEASUREMENT_VALUE_0]
2400.000,  21,  48, 249, 249,   16,    8,    9,   20
2401.000, 160, 193, 251, 251,  -13,    1,  -13,  -22
2402.000,  35,  74, 252, 253,   12,   -6,   13,   22
2403.000, 162, 206, 254, 249,  -12,    8,  -14,  -22
2404.000,  28,  79, 253, 253,   15,   -8,   12,   21
2405.000, 149, 203, 253, 254,  -20,    6,  -11,  -23
2406.000,  11,  72, 251, 254,   23,   -5,    6,   25
2407.000, 127, 197, 253, 250,  -26,    3,    1,  -28
2408.000, 242,  68, 253, 252,   26,   -3,   -9,   31
2409.000, 102, 196, 253, 255,  -23,    4,   17,  -33
2410.000, 219,  69, 253, 251,   18,   -4,  -23,   35
2411.000,  77, 196, 251, 251,   -9,    4,   30,  -36
2412.000, 191,  66, 255, 253,   -1,   -2,  -32,   38
2413.000,  47, 194, 252, 251,   13,    2,   29,  -40
2414.000, 162,  66, 254, 254,  -20,   -2,  -23,   41
2415.000,  22, 194, 253, 253,   26,    2,   15,  -41
2416.000, 138,  63, 253, 254,  -29,    0,   -7,   40
2417.000, 254, 190, 253, 251,   29,   -2,   -2,  -39
2418.000, 112,  59, 254, 254,  -27,    4,   11,   38
2419.000, 230, 184, 252, 254,   24,   -8,  -18,  -37
2420.000,  92,  53, 254, 252,  -19,   10,   24,   37
2421.000, 209, 178, 255, 251,   13,  -13,  -29,  -36
2422.000,  70,  48, 253, 253,   -5,   15,   33,   37
2423.000, 185, 173, 254, 254,   -6,  -19,  -34,  -37
2424.000,  45,  43, 252, 253,   16,   22,   32,   37
2425.000, 159, 169, 254, 252,  -27,  -24,  -26,  -37
2426.000,  17,  38, 253, 254,   36,   28,   16,   37
2427.000, 130, 164, 254, 249,  -41,  -31,   -2,  -38
2428.000, 242,  36, 251, 253,   39,   33,  -14,   39
2429.000,  99, 162, 253, 252,  -31,  -36,   27,  -40
2430.000, 212,  33, 254, 249,   19,   37,  -36,   40
2431.000,  71, 162, 252, 253,   -6,  -36,   39,  -39
2432.000, 184,  35, 253, 248,   -7,   35,  -39,   40
2433.000,  43, 163, 255, 249,   18,  -34,   31,  -39
2434.000, 159,  38, 253, 254,  -24,   31,  -23,   41
2435.000,  20, 164, 254, 251,   27,  -30,   15,  -37
2436.000, 138,  35, 253, 253,  -28,   29,   -7,   33
2437.000, 255, 161, 255, 253,   28,  -28,    0,  -29
2438.000, 118,  28, 253, 252,  -28,   30,    7,   24
2439.000, 235, 150, 252, 252,   26,  -32,  -15,  -19
2440.000,  95,  17, 253, 254,  -22,   34,   23,   15
2441.000, 207, 138, 254, 254,   12,  -38,  -32,   -9
2442.000,  65,  10, 252, 252,   -1,   41,   34,    9
2443.000, 178, 136, 253, 252,  -11,  -43,  -32,   -8
2444.000,  37,  10, 253, 253,   19,   43,   25,   10
2445.000, 153, 138, 252, 251,  -25,  -42,  -18,  -11
2446.000,  13,  10, 254, 255,   28,   40,    9,   10
2447.000, 129, 135, 250, 254,  -29,  -39,    0,   -7
2448.000, 242,   5, 252, 255,   25,   38,   -9,    5
2449.000, 104, 132, 253, 251,  -19,  -37,   13,   -4
2450.000, 223,   4, 251, 253,   14,   34,  -15,    3
2451.000,  90, 127, 251, 251,  -13,  -29,   17,    1
2452.000, 208, 248, 253, 251,    8,   26,  -20,   -5
2453.000,  70, 111, 252, 254,   -3,  -24,   23,   11
2454.000, 186, 231, 254, 252,   -4,   23,  -26,  -16
2455.000,  45,  99, 253, 253,   12,  -23,   25,   20
2456.000, 161, 224, 253, 252,  -20,   23,  -21,  -24
2457.000,  18,  95, 254, 252,   25,  -24,   12,   26
2458.000, 136, 224, 252, 253,  -26,   26,   -5,  -26
2459.000, 254,  96, 252, 251,   26,  -25,   -1,   25
2460.000, 116, 221, 253, 250,  -25,   22,    8,  -25
2461.000, 232,  88, 254, 252,   23,  -18,  -16,   27
2462.000,  91, 211, 252, 253,  -18,   15,   23,  -30
2463.000, 207,  81, 254, 250,   11,  -14,  -28,   33
2464.000,  65, 206, 253, 251,   -1,   12,   31,  -35
2465.000, 181,  75, 253, 251,   -9,  -10,  -31,   37
2466.000,  38, 199, 250, 252,   19,    6,   27,  -38
2467.000, 154,  69, 253, 249,  -27,   -4,  -20,   39
2468.000,  13, 197, 253, 253,   31,    5,   10,  -41
2469.000, 129,  68, 253, 253,  -32,   -4,   -1,   42
2470.000, 246, 195, 253, 253,   31,    3,   -8,  -41
2471.000, 108,  65, 252, 252,  -29,   -1,   16,   40
2472.000, 223, 190, 252, 251,   24,   -2,  -25,  -39
2473.000,  82,  59, 253, 252,  -16,    6,   33,   41
2474.000, 196, 184, 254, 254,    4,   -8,  -38,  -43
2475.000,  53,  55, 254, 254,   10,   10,   38,   44
2476.000, 165, 182, 251, 252,  -25,  -11,  -32,  -46
2477.000,  22,  53, 253, 253,   35,   13,   21,   47
2478.000, 134, 181, 253, 253,  -38,  -13,   -5,  -48
2479.000, 249,  55, 251, 249,   37,   11,   -7,   48

[ANTENNA_MEASUREMENT_VALUE_1]
2400.000, 159,  24, 252, 253,  -19,   22,  -18,   15
2401.000,  20, 147, 254, 252,   22,  -21,   12,  -10
2402.000, 138,  14, 252, 254,  -24,   21,   -6,    7
2403.000,   1, 135, 250, 251,   25,  -21,    1,   -3
2404.000, 117,   0, 254, 253,  -27,   21,    8,    0
2405.000, 230, 123, 252, 253,   24,  -21,  -18,    3
2406.000,  86, 248, 254, 253,  -16,   24,   26,   -5
2407.000, 200, 120, 252, 253,    6,  -25,  -29,    5
2408.000,  59, 250, 254, 253,    3,   26,   27,   -4
2409.000, 175, 124, 252, 252,  -11,  -25,  -24,    3
2410.000,  32, 251, 253, 251,   17,   23,   17,   -3
2411.000, 151, 123, 253, 252,  -18,  -23,  -11,    3
2412.000,  11, 251, 254, 251,   18,   20,    5,   -2
2413.000, 132, 119, 255, 253,  -17,  -18,   -2,    4
2414.000, 249, 244, 252, 254,   17,   15,   -3,   -5
2415.000, 110, 107, 251, 253,  -15,  -13,    7,    7
2416.000, 227, 230, 250, 253,   12,   12,  -10,   -9
2417.000,  87,  96, 252, 253,   -7,  -10,   11,   10
2418.000, 211, 220, 249, 252,    6,    8,  -11,  -10
2419.000,  76,  87, 250, 251,   -4,   -6,   12,   10
2420.000, 197, 207, 253, 251,    2,    4,  -14,  -10
2421.000,  59,  70, 253, 253,    2,   -1,   15,   11
2422.000, 178, 193, 253, 251,   -5,    0,  -14,  -12
2423.000,  43,  60, 253, 254,    7,    1,   13,   12
2424.000, 162, 183, 252, 252,  -11,   -3,  -12,  -12
2425.000,  22,  47, 254, 252,   15,    5,    9,   12
2426.000, 140, 170, 252, 248,  -19,   -7,   -5,  -12
2427.000, 255,  36, 255, 252,   21,   10,   -1,   12
2428.000, 112, 162, 252, 253,  -20,  -11,    8,  -12
2429.000, 226,  31, 254, 253,   17,   13,  -15,   12
2430.000,  82, 155, 251, 254,   -9,  -15,   20,  -11
2431.000, 200,  28, 252, 253,    4,   15,  -20,   12
2432.000,  63, 156, 253, 253,    0,  -15,   19,  -12
2433.000, 187,  25, 253, 252,   -3,   14,  -20,   10
2434.000,  51, 149, 251, 252,    7,  -14,   20,   -8
2435.000, 168,  11, 253, 252,  -14,   16,  -21,    4
2436.000,  26, 132, 253, 252,   23,  -18,   17,   -2
2437.000, 141, 255, 252, 252,  -29,   22,  -10,    0
2438.000, 254, 127, 250, 254,   33,  -25,   -2,    1
2439.000, 112, 253, 252, 255,  -32,   26,   13,   -2
2440.000, 224, 124, 252, 253,   26,  -28,  -26,    3
2441.000,  78, 249, 253, 253,  -13,   29,   35,   -5
2442.000, 194, 122, 250, 252,    2,  -31,  -39,    4
2443.000,  49, 250, 251, 251,   14,   32,   36,   -4
2444.000, 160, 124, 250, 251,  -27,  -33,  -27,    3
2445.000,  18, 254, 253, 253,   33,   34,   15,   -2
2446.000, 131, 127, 253, 253,  -33,  -33,   -3,    0
2447.000, 245,   1, 254, 251,   28,   31,   -7,    1
2448.000, 105, 129, 254, 250,  -22,  -28,   14,   -1
2449.000, 220, 255, 254, 251,   15,   25,  -18,    0
2450.000,  82, 125, 252, 253,   -8,  -23,   18,    2
2451.000, 201, 251, 252, 254,    4,   20,  -18,   -3
2452.000,  68, 118, 252, 254,   -2,  -17,   15,    4
2453.000, 195, 239, 253, 253,    1,   14,  -16,   -6
2454.000,  61, 100, 253, 251,    1,  -10,   18,    9
2455.000, 179, 215, 253, 252,   -7,    7,  -22,  -11
2456.000,  38,  76, 252, 255,   15,   -4,   21,   15
2457.000, 152, 202, 255, 251,  -24,    5,  -16,  -19
2458.000,   8,  73, 255, 250,   28,   -5,    5,   22
2459.000, 122, 202, 252, 253,  -28,    6,    4,  -24
2460.000, 238,  74, 252, 252,   25,   -6,  -12,   24
2461.000,  97, 200, 252, 254,  -20,    5,   19,  -23
2462.000, 213,  70, 253, 253,   13,   -3,  -23,   23
2463.000,  74, 194, 252, 251,   -6,    1,   26,  -23
2464.000, 191,  63, 248, 251,   -1,    0,  -27,   23
2465.000,  51, 187, 251, 252,    9,   -3,   26,  -22
2466.000, 166,  52, 253, 253,  -16,    6,  -22,   22
2467.000,  29, 177, 253, 252,   21,   -8,   18,  -22
2468.000, 145,  48, 252, 253,  -28,    9,  -13,   21
2469.000,   5, 171, 253, 250,   32,  -12,    4,  -21
2470.000, 119,  40, 255, 254,  -33,   14,    8,   21
2471.000, 233, 167, 251, 254,   29,  -16,  -18,  -22
2472.000,  92,  38, 250, 253,  -21,   17,   25,   24
2473.000, 209, 167, 252, 253,   13,  -17,  -30,  -24
2474.000,  68,  37, 253, 254,   -3,   17,   32,   22
2475.000, 184, 162, 252, 252,   -6,  -18,  -33,  -20
2476.000,  44,  31, 255, 254,   16,   20,   30,   19
2477.000, 158, 156, 253, 249,  -26,  -22,  -23,  -18
2478.000,  15,  26, 254, 252,   34,   24,   13,   17
2479.000, 129, 152, 252, 251,  -36,  -25,    0,  -17

[ANTENNA_MEASUREMENT_VALUE_2]
2400.000,  29, 150, 253, 251,   14,  -16,   12,  -10
2401.000, 147,  18, 252, 250,  -14,   16,   -7,    8
2402.000,  13, 142, 252, 251,   16,  -15,    5,   -5
2403.000, 132,   7, 253, 254,  -17,   14,   -2,    2
2404.000, 250, 126, 253, 251,   20,  -14,   -3,    1
2405.000, 108, 245, 252, 251,  -20,   14,   10,   -4
2406.000, 221, 113, 251, 252,   15,  -15,  -17,    6
2407.000,  78, 240, 253, 252,   -7,   17,   22,   -7
2408.000, 191, 114, 255, 252,    0,  -18,  -21,    7
2409.000,  55, 244, 250, 251,    4,   18,   19,   -6
2410.000, 173, 115, 248, 253,   -9,  -16,  -17,    6
2411.000,  33, 239, 252, 251,   13,   15,   14,   -6
2412.000, 149, 107, 251, 251,  -16,  -14,   -9,    8
2413.000,  11, 231, 252, 252,   17,   13,    5,   -9
2414.000, 129, 100, 252, 251,  -18,  -12,    0,   10
2415.000, 246, 223, 254, 250,   17,   10,   -4,  -11
2416.000, 111,  90, 253, 254,  -16,   -9,    7,   12
2417.000, 230, 212, 254, 254,   15,    7,  -11,  -13
2418.000,  91,  76, 250, 253,  -13,   -4,   17,   14
2419.000, 206, 197, 252, 250,    8,    2,  -22,  -15
2420.000,  64,  64, 252, 253,    0,    0,   26,   17
2421.000, 179, 190, 253, 252,   -9,   -1,  -27,  -19
2422.000,  36,  63, 252, 253,   20,    1,   24,   22
2423.000, 146, 190, 254, 252,  -29,   -1,  -14,  -23
2424.000,   0,  63, 249, 251,   31,    1,    0,   25
2425.000, 112, 193, 255, 251,  -26,    1,   11,  -26
2426.000, 226,  68, 250, 251,   18,   -2,  -16,   25
2427.000,  90, 197, 254, 253,  -13,    3,   17,  -22
2428.000, 209,  67, 253, 251,    8,   -1,  -19,   19
2429.000,  73, 188, 253, 253,   -4,   -2,   21,  -17
2430.000, 187,  52, 254, 253,   -3,    5,  -23,   16
2431.000,  46, 174, 254, 251,   10,   -8,   22,  -15
2432.000, 161,  43, 253, 252,  -17,    9,  -18,   17
2433.000,  22, 170, 254, 252,   21,  -10,   12,  -17
2434.000, 138,  42, 252, 252,  -24,   10,   -6,   17
2435.000, 253, 167, 252, 253,   25,  -11,   -2,  -16
2436.000, 111,  38, 253, 251,  -23,   12,   10,   16
2437.000, 225, 164, 252, 253,   18,  -13,  -17,  -15
2438.000,  83,  33, 254, 253,  -10,   14,   21,   15
2439.000, 198, 160, 251, 251,    3,  -14,  -22,  -14
2440.000,  56,  31, 252, 252,    4,   14,   21,   13
2441.000, 169, 154, 253, 253,  -11,  -15,  -17,  -11
2442.000,  34,  23, 252, 253,   13,   15,   14,    9
2443.000, 152, 151, 253, 251,  -15,  -14,  -10,   -8
2444.000,  15,  20, 253, 252,   17,   14,    6,    7
2445.000, 132, 142, 252, 253,  -19,  -13,   -2,   -5
2446.000, 251,   9, 254, 250,   19,   14,   -2,    3
2447.000, 108, 135, 253, 255,  -18,  -15,   10,   -2
2448.000, 222,   1, 252, 252,   13,   15,  -15,    0
2449.000,  80, 129, 252, 251,   -7,  -16,   17,    0
2450.000, 196, 255, 253, 251,    2,   16,  -17,    0
2451.000,  59, 126, 253, 255,    2,  -15,   16,    1
2452.000, 175, 250, 253, 251,   -6,   13,  -14,   -2
2453.000,  39, 116, 251, 250,    8,  -13,   12,    4
2454.000, 158, 238, 253, 252,  -11,   11,  -10,   -5
2455.000,  21, 102, 254, 255,   14,   -9,    8,    7
2456.000, 138, 224, 252, 250,  -17,    8,   -4,   -8
2457.000, 254,  91, 251, 254,   18,   -8,   -1,   10
2458.000, 114, 217, 251, 254,  -16,    8,    6,  -11
2459.000, 232,  87, 252, 250,   14,   -8,  -10,   12
2460.000,  94, 212, 252, 251,  -11,    6,   13,  -12
2461.000, 214,  78, 254, 252,    9,   -5,  -15,   13
2462.000,  75, 201, 253, 250,   -5,    3,   19,  -14
2463.000, 191,  65, 252, 252,   -1,    0,  -22,   15
2464.000,  47, 189, 252, 252,   10,   -1,   22,  -16
2465.000, 160,  57, 254, 253,  -17,    3,  -18,   18
2466.000,  16, 183, 254, 253,   24,   -4,   10,  -19
2467.000, 129,  55, 252, 251,  -26,    5,   -1,   20
2468.000, 242, 182, 253, 251,   24,   -5,   -8,  -20
2469.000, 103,  55, 254, 254,  -20,    4,   14,   21
2470.000, 220, 182, 252, 252,   14,   -5,  -18,  -20
2471.000,  82,  54, 253, 253,  -10,    5,   20,   19
2472.000, 200, 178, 253, 253,    4,   -6,  -23,  -18
2473.000,  61,  43, 252, 250,    2,    9,   24,   17
2474.000, 177, 168, 252, 253,   -9,  -11,  -24,  -16
2475.000,  37,  35, 251, 252,   17,   13,   21,   15
2476.000, 152, 160, 254, 252,  -25,  -15,  -16,  -15
2477.000,   7,  28, 253, 253,   32,   18,    6,   14
2478.000, 119, 153, 251, 251,  -32,  -20,    7,  -14
2479.000, 232,  26, 252, 250,   28,   22,  -18,   16

[ANTENNA_MEASUREMENT_VALUE_3]
2400.000,  92, 241, 253, 254,  -18,   18,   23,   -7
2401.000, 205, 108, 250, 251,    9,  -16,  -27,    8
2402.000,  63, 233, 255, 253,    0,   15,   26,   -9
2403.000, 183, 101, 253, 252,   -5,  -13,  -23,   10
2404.000,  46, 227, 252, 252,   10,   12,   22,  -10
2405.000, 164,  92, 254, 251,  -17,   -9,  -21,   11
2406.000,  24, 213, 253, 253,   24,    7,   16,  -13
2407.000, 137,  80, 253, 251,  -29,   -6,   -7,   15
2408.000, 252, 207, 254, 253,   31,    6,   -3,  -16
2409.000, 109,  79, 254, 253,  -28,   -6,   14,   17
2410.000, 221, 208, 251, 252,   19,    7,  -23,  -17
2411.000,  78,  81, 254, 252,   -9,   -8,   24,   17
2412.000, 192, 212, 253, 255,    0,    8,  -22,  -16
2413.000,  56,  84, 252, 251,    4,   -7,   17,   14
2414.000, 179, 209, 252, 252,   -5,    6,  -15,  -12
2415.000,  46,  75, 252, 252,    7,   -3,   14,   10
2416.000, 164, 190, 253, 250,  -11,    0,  -13,  -10
2417.000,  27,  54, 252, 253,   14,    2,   11,    9
2418.000, 141, 173, 250, 250,  -17,   -5,   -6,   -9
2419.000,   7,  41, 251, 250,   18,    6,    3,    9
2420.000, 127, 164, 249, 250,  -20,   -7,    0,   -8
2421.000, 244,  31, 252, 253,   21,    8,   -7,    7
2422.000, 103, 152, 254, 251,  -18,  -10,   13,   -6
2423.000, 219,  21, 251, 254,   14,   12,  -18,    7
2424.000,  81, 149, 252, 252,   -9,  -12,   20,   -7
2425.000, 202,  18, 254, 248,    5,   12,  -23,    6
2426.000,  60, 140, 254, 252,    3,  -12,   26,   -4
2427.000, 175,   4, 253, 253,  -11,   14,  -25,    1
2428.000,  31, 130, 253, 254,   20,  -15,   19,   -1
2429.000, 145, 255, 254, 253,  -25,   16,  -11,    0
2430.000,   2, 126, 251, 252,   27,  -17,    1,    1
2431.000, 119, 252, 254, 253,  -23,   16,    5,   -1
2432.000, 241, 124, 252, 253,   21,  -16,   -8,    1
2433.000, 108, 249, 252, 252,  -20,   14,   11,   -3
2434.000, 228, 114, 254, 251,   20,  -12,  -16,    5
2435.000,  90, 232, 252, 250,  -16,   11,   22,   -8
2436.000, 209,  98, 253, 253,   12,  -11,  -28,   10
2437.000,  70, 221, 252, 253,   -5,   11,   35,  -13
2438.000, 185,  88, 254, 254,   -7,  -10,  -40,   15
2439.000,  42, 211, 251, 250,   24,    9,   39,  -19
2440.000, 154,  81, 252, 253,  -41,  -10,  -30,   22
2441.000,   7, 206, 248, 251,   53,    9,    9,  -25
2442.000, 118,  79, 252, 254,  -54,  -10,   13,   28
2443.000, 232, 208, 252, 252,   47,   12,  -31,  -29
2444.000,  91,  82, 255, 253,  -34,  -14,   43,   30
2445.000, 204, 212, 250, 252,   15,   16,  -51,  -29
2446.000,  63,  86, 251, 252,    0,  -17,   51,   28
2447.000, 179, 213, 254, 253,  -15,   15,  -47,  -27
2448.000,  39,  84, 252, 252,   27,  -14,   39,   27
2449.000, 156, 209, 252, 253,  -37,   12,  -30,  -27
2450.000,  16,  78, 253, 253,   46,   -9,   18,   27
2451.000, 131, 203, 253, 252,  -50,    7,   -4,  -27
2452.000, 247,  70, 251, 255,   51,   -4,  -12,   29
2453.000, 105, 194, 253, 251,  -45,    1,   29,  -30
2454.000, 217,  62, 251, 252,   32,    2,  -46,   31
2455.000,  75, 188, 253, 251,  -15,   -3,   55,  -32
2456.000, 190,  61, 248, 252,   -3,    2,  -57,   33
2457.000,  50, 189, 255, 252,   19,   -2,   54,  -33
2458.000, 166,  60, 255, 251,  -34,    3,  -46,   33
2459.000,  24, 187, 252, 252,   48,   -4,   32,  -33
2460.000, 137,  57, 254, 251,  -55,    6,  -13,   33
2461.000, 251, 184, 250, 253,   55,   -7,   -7,  -33
2462.000, 109,  55, 251, 251,  -47,    7,   24,   33
2463.000, 226, 181, 252, 253,   38,   -8,  -34,  -31
2464.000,  85,  52, 254, 249,  -26,    9,   45,   29
2465.000, 201, 175, 250, 251,   11,  -12,  -51,  -28
2466.000,  58,  42, 253, 254,    8,   16,   53,   26
2467.000, 173, 168, 253, 252,  -24,  -17,  -48,  -25
2468.000,  33,  37, 253, 255,   38,   19,   40,   25
2469.000, 146, 165, 251, 255,  -50,  -19,  -23,  -25
2470.000,   8,  37, 254, 253,   53,   20,   10,   25
2471.000, 118, 166, 252, 251,  -50,  -19,   13,  -26
2472.000, 233,  37, 253, 251,   41,   19,  -26,   25
2473.000,  93, 165, 251, 253,  -31,  -19,   35,  -24
2474.000, 210,  34, 252, 250,   19,   19,  -41,   21
2475.000,  70, 159, 251, 254,   -7,  -20,   46,  -19
2476.000, 182,  28, 249, 252,  -10,   21,  -44,   17
2477.000,  43, 153, 252, 254,   22,  -23,   38,  -15
2478.000, 156,  23, 253, 253,  -33,   23,  -28,   15
2479.000,  17, 149, 253, 254,   40,  -22,   17,  -13

[PMU_VALUES_END]

[AGCTGT_INITIATOR]
[ 1 1 1 1 ]
[AGCTGT_INITIATOR_END]
[AGCTGT_REFLECTOR]
[ 1 1 1 1 ]
[AGCTGT_REFLECTOR_END]
[OVERDRIVING_INITIATOR]
[ 0 0 0 0 ]
[OVERDRIVING_INITIATOR_END]
[OVERDRIVING_REFLECTOR]
[ 0 0 0 0 ]
[OVERDRIVING_REFLECTOR_END]
FIRMWARE VERSION: 1979
