Freq, i_avg, r_avg, i_qf_avg, r_qf_avg, i_i_avg, r_i_avg, i_q_avg, r_q_avg
[ANTENNA_MEASUREMENT_VALUE_0]
2400.000, 185, 248, 254, 253,   -3,   32,  -17,   -6
2401.000,  44, 110, 252, 253,    8,  -28,   14,   14
2402.000, 150, 219, 251, 254,  -13,   18,   -8,  -23
2403.000, 255,  65, 254, 252,   15,   -1,    0,   28
2404.000, 102, 167, 253, 254,  -12,  -16,    9,  -22
2405.000, 201,   7, 250, 253,    4,   25,  -17,    4
2406.000,  39, 101, 253, 254,   11,  -21,   16,   17
2407.000, 133, 199, 254, 254,  -21,    5,   -2,  -31
2408.000, 227,  43, 253, 255,   18,   17,  -16,   30
2409.000,  63, 143, 255, 253,    1,  -35,   25,  -13
2410.000, 155, 243, 252, 254,  -21,   40,  -17,  -13
2411.000, 248,  90, 254, 250,   30,  -27,   -6,   37
2412.000,  82, 189, 251, 251,  -14,   -3,   29,  -48
2413.000, 171,  34, 252, 253,  -17,   36,  -30,   40
2414.000,   4, 135, 252, 253,   35,  -57,    4,  -10
2415.000,  96, 239, 252, 255,  -25,   57,   26,  -26
2416.000, 187,  83, 254, 253,   -5,  -28,  -37,   55
2417.000,  19, 184, 251, 254,   34,  -12,   17,  -63
2418.000, 110,  26, 252, 251,  -34,   54,   16,   39
2419.000, 202, 130, 253, 254,    9,  -67,  -37,   -3
2420.000,  40, 231, 252, 255,   23,   55,   34,  -39
2421.000, 132,  75, 254, 250,  -44,  -18,   -5,   66
2422.000, 224, 175, 254, 252,   34,  -29,  -34,  -67
2423.000,  58,  20, 254, 252,    8,   70,   51,   36
2424.000, 146, 121, 252, 248,  -51,  -85,  -24,   15
2425.000, 235, 223, 248, 255,   52,   65,  -30,  -67
2426.000,  66,  70, 252, 255,   -3,  -15,   62,  100
2427.000, 154, 174, 252, 253,  -51,  -46,  -37,  -97
2428.000, 241,  22, 253, 255,   58,   95,  -23,   57
2429.000,  73, 126, 251, 250,  -13, -113,   59,    7
2430.000, 161, 228, 255, 253,  -42,   86,  -43,  -72
2431.000, 251,  75, 250, 252,   59,  -28,   -7,  105
2432.000,  85, 178, 253, 247,  -29,  -36,   51, -102
2433.000, 176,  26, 252, 253,  -21,   85,  -51,   64
2434.000,  12, 130, 253, 254,   52, -105,   15,   -4
2435.000, 102, 232, 253, 252,  -44,   82,   32,  -55
2436.000, 193,  76, 252, 254,    2,  -29,  -53,   92
2437.000,  28, 177, 251, 255,   42,  -34,   34,  -90
2438.000, 119,  22, 253, 255,  -54,   82,   12,   50
2439.000, 208, 123, 254, 254,   22,  -95,  -53,   12
2440.000,  39, 223, 251, 255,   34,   68,   48,  -71
2441.000, 124,  67, 253, 252,  -59,   -8,    5,  102
2442.000, 213, 172, 251, 253,   28,  -49,  -49,  -94
2443.000,  45,  20, 253, 255,   25,   92,   49,   50
2444.000, 132, 126, 252, 254,  -51, -101,   -6,    4
2445.000, 224, 230, 252, 254,   32,   79,  -33,  -57
2446.000,  58,  80, 253, 248,    6,  -33,   42,   84
2447.000, 150, 182, 254, 252,  -33,  -20,  -20,  -80
2448.000, 239,  29, 252, 253,   32,   57,  -14,   48
2449.000,  76, 129, 252, 252,   -9,  -68,   29,   -3
2450.000, 170, 232, 251, 249,  -14,   51,  -24,  -34
2451.000,   9,  73, 252, 253,   26,  -12,    6,   52
2452.000, 101, 171, 254, 254,  -21,  -24,   16,  -43
2453.000, 191,  12, 251, 254,    0,   44,  -26,   13
2454.000,  26, 109, 252, 253,   20,  -41,   15,   21
2455.000, 117, 210, 252, 254,  -22,   19,    6,  -41
2456.000, 212,  55, 253, 252,    9,    9,  -18,   42
2457.000,  51, 156, 255, 255,    6,  -30,   18,  -25
2458.000, 151,   0, 254, 247,  -14,   35,   -9,    0
2459.000, 252,  98, 252, 252,   17,  -24,   -2,   22
2460.000,  95, 191, 252, 255,  -14,    0,   14,  -29
2461.000, 187,  27, 253, 252,   -3,   23,  -24,   17
2462.000,  20, 119, 253, 253,   24,  -34,   13,    8
2463.000, 110, 218, 252, 254,  -25,   25,   12,  -33
2464.000, 200,  64, 255, 252,    6,    0,  -28,   46
2465.000,  35, 167, 252, 250,   20,  -28,   22,  -40
2466.000, 125,  10, 251, 253,  -31,   48,    2,   12
2467.000, 216, 111, 249, 253,   18,  -47,  -28,   20
2468.000,  50, 213, 253, 251,   11,   26,   31,  -46
2469.000, 142,  58, 253, 252,  -31,    8,  -11,   56
2470.000, 236, 162, 251, 251,   29,  -38,  -16,  -42
2471.000,  75,   8, 251, 250,  -10,   54,   35,   10
2472.000, 163, 106, 250, 250,  -27,  -47,  -30,   29
2473.000, 252, 205, 253, 251,   43,   19,   -4,  -59
2474.000,  84,  52, 252, 253,  -21,   20,   40,   65
2475.000, 172, 155, 254, 251,  -22,  -57,  -40,  -44
2476.000,   3,   2, 250, 252,   46,   75,    4,    4
2477.000,  90, 105, 251, 253,  -27,  -64,   36,   41
2478.000, 179, 208, 251, 255,  -13,   30,  -40,  -72
2479.000,  14,  58, 251, 248,   39,   12,   14,   74

[ANTENNA_MEASUREMENT_VALUE_1]
2400.000,   5,  20, 253, 252,   14,   16,    2,    8
2401.000,  99, 110, 254, 253,  -13,  -15,   11,    7
2402.000, 189, 203, 254, 255,   -2,    5,  -19,  -17
2403.000,  26,  42, 251, 255,   17,   11,   12,   18
2404.000, 114, 144, 252, 254,  -21,  -21,    8,   -9
2405.000, 203, 243, 251, 254,    6,   24,  -23,   -8
2406.000,  36,  89, 251, 254,   15,  -16,   18,   23
2407.000, 127, 193, 253, 251,  -23,    1,    0,  -29
2408.000, 221,  40, 252, 253,   15,   16,  -18,   24
2409.000,  57, 142, 252, 254,    4,  -27,   25,   -9
2410.000, 148, 241, 251, 252,  -23,   27,  -12,  -10
2411.000, 239,  87, 249, 250,   25,  -17,  -11,   26
2412.000,  73, 187, 252, 253,   -6,   -4,   28,  -31
2413.000, 161,  32, 251, 252,  -20,   24,  -21,   24
2414.000, 249, 134, 248, 254,   28,  -34,   -5,   -5
2415.000,  84, 238, 252, 253,  -13,   33,   25,  -16
2416.000, 175,  83, 252, 252,  -11,  -16,  -25,   31
2417.000,   7, 184, 252, 255,   26,   -7,    4,  -34
2418.000, 100,  29, 254, 255,  -19,   26,   16,   22
2419.000, 192, 131, 254, 253,    0,  -32,  -25,   -2
2420.000,  29, 232, 253, 253,   20,   25,   17,  -17
2421.000, 120,  75, 252, 252,  -27,   -8,    5,   30
2422.000, 211, 177, 251, 252,   12,  -12,  -24,  -31
2423.000,  47,  22, 250, 252,   11,   29,   25,   18
2424.000, 138, 124, 254, 254,  -27,  -33,   -6,    3
2425.000, 230, 224, 252, 250,   22,   23,  -17,  -24
2426.000,  63,  68, 249, 254,    1,   -4,   29,   34
2427.000, 152, 169, 252, 255,  -24,  -18,  -16,  -29
2428.000, 239,  15, 254, 252,   26,   33,  -12,   13
2429.000,  72, 117, 255, 251,   -5,  -35,   27,   10
2430.000, 159, 219, 251, 254,  -18,   22,  -17,  -28
2431.000, 251,  66, 254, 254,   23,   -2,   -3,   34
2432.000,  88, 169, 250, 252,  -11,  -17,   17,  -26
2433.000, 185,  15, 254, 251,   -3,   27,  -19,   10
2434.000,  26, 114, 251, 255,   15,  -24,   12,    8
2435.000, 122, 210, 253, 247,  -20,   10,    3,  -21
2436.000, 213,  50, 252, 254,   11,    8,  -19,   22
2437.000,  49, 146, 252, 253,    8,  -23,   22,  -11
2438.000, 139, 246, 254, 251,  -24,   27,   -7,   -7
2439.000, 228,  89, 253, 251,   20,  -17,  -16,   24
2440.000,  61, 191, 252, 255,    2,    0,   26,  -31
2441.000, 147,  35, 253, 253,  -23,   21,  -11,   24
2442.000, 239, 140, 254, 254,   22,  -31,  -10,   -9
2443.000,  72, 242, 253, 252,   -4,   30,   23,  -11
2444.000, 165,  90, 251, 254,  -13,  -18,  -17,   24
2445.000,   1, 191, 251, 255,   20,    0,    1,  -29
2446.000,  96,  36, 252, 254,  -13,   17,   13,   20
2447.000, 192, 136, 252, 253,    0,  -24,  -18,   -5
2448.000,  31, 234, 252, 253,   13,   20,   13,  -12
2449.000, 125,  74, 253, 253,  -19,   -5,    1,   22
2450.000, 219, 169, 253, 251,   13,  -12,  -16,  -19
2451.000,  55,  11, 251, 253,    5,   23,   21,    6
2452.000, 148, 109, 251, 248,  -20,  -23,  -10,   12
2453.000, 238, 208, 255, 254,   22,   10,  -11,  -25
2454.000,  72,  49, 254, 251,   -5,   10,   26,   26
2455.000, 164, 150, 248, 252,  -18,  -26,  -22,  -16
2456.000, 254, 251, 252, 251,   30,   32,   -2,   -4
2457.000,  86,  97, 253, 253,  -16,  -25,   27,   24
2458.000, 177, 199, 253, 253,  -11,    7,  -29,  -36
2459.000,  10,  47, 253, 255,   29,   16,    7,   35
2460.000, 102, 150, 253, 254,  -24,  -33,   18,  -20
2461.000, 191, 251, 252, 255,    0,   37,  -31,   -4
2462.000,  26,  96, 252, 254,   24,  -26,   18,   27
2463.000, 118, 197, 251, 252,  -29,    4,    8,  -38
2464.000, 210,  42, 254, 251,   13,   20,  -28,   32
2465.000,  44, 142, 255, 251,   15,  -36,   29,  -12
2466.000, 131, 239, 251, 253,  -33,   35,   -3,  -16
2467.000, 223,  84, 253, 254,   23,  -19,  -24,   35
2468.000,  57, 188, 252, 254,    6,   -4,   33,  -40
2469.000, 147,  33, 253, 255,  -30,   28,  -15,   30
2470.000, 239, 135, 251, 251,   31,  -41,  -14,   -7
2471.000,  73, 239, 250, 253,   -7,   38,   32,  -17
2472.000, 162,  85, 251, 252,  -21,  -21,  -23,   36
2473.000, 254, 188, 252, 252,   31,   -4,   -2,  -40
2474.000,  89,  32, 252, 252,  -18,   28,   25,   27
2475.000, 181, 132, 253, 254,   -9,  -38,  -30,   -3
2476.000,  14, 232, 251, 254,   29,   31,   10,  -21
2477.000, 106,  77, 253, 253,  -26,  -12,   16,   36
2478.000, 196, 178, 255, 251,    3,  -13,  -30,  -35
2479.000,  30,  22, 253, 254,   22,   32,   21,   19

[ANTENNA_MEASUREMENT_VALUE_2]
2400.000,   2,  49, 252, 250,   16,    5,    1,   12
2401.000,  92, 145, 253, 251,  -11,  -12,   13,   -5
2402.000, 183, 244, 254, 254,   -4,   13,  -18,   -4
2403.000,  17,  86, 253, 252,   17,   -7,    8,   12
2404.000, 108, 186, 254, 252,  -18,   -2,   10,  -15
2405.000, 198,  31, 253, 251,    3,   12,  -21,   11
2406.000,  30, 132, 252, 254,   16,  -17,   15,   -2
2407.000, 119, 235, 252, 253,  -21,   16,    5,   -9
2408.000, 210,  83, 250, 255,    9,   -8,  -19,   17
2409.000,  45, 188, 252, 251,    9,   -2,   18,  -18
2410.000, 138,  34, 252, 252,  -19,   12,   -5,   13
2411.000, 232, 136, 255, 251,   16,  -16,  -11,   -3
2412.000,  67, 234, 254, 254,   -1,   14,   19,   -8
2413.000, 161,  78, 252, 255,  -13,   -5,  -14,   15
2414.000, 254, 178, 250, 252,   20,   -5,   -1,  -15
2415.000,  88,  19, 254, 251,  -12,   14,   18,    7
2416.000, 177, 117, 253, 253,   -8,  -16,  -21,    4
2417.000,  11, 218, 250, 252,   21,   10,    6,  -14
2418.000, 101,  61, 253, 251,  -17,    2,   13,   18
2419.000, 195, 163, 253, 254,    2,  -12,  -23,  -14
2420.000,  31,   8, 253, 252,   18,   18,   17,    3
2421.000, 120, 107, 253, 253,  -27,  -16,    5,   10
2422.000, 209, 209, 252, 252,   11,    8,  -26,  -19
2423.000,  39,  55, 253, 251,   17,    5,   24,   22
2424.000, 126, 160, 251, 253,  -28,  -17,    2,  -17
2425.000, 215,   9, 254, 255,   13,   23,  -22,    5
2426.000,  50, 113, 252, 253,    8,  -21,   21,    8
2427.000, 141, 216, 252, 253,  -20,   12,   -7,  -17
2428.000, 234,  61, 252, 251,   17,    1,  -11,   19
2429.000,  73, 159, 251, 253,   -4,  -13,   20,  -12
2430.000, 162, 255, 254, 254,  -15,   16,  -16,    0
2431.000, 253,  97, 252, 254,   23,  -12,   -2,   11
2432.000,  86, 198, 253, 252,  -12,    2,   20,  -17
2433.000, 177,  44, 252, 253,   -8,    9,  -21,   17
2434.000,  11, 149, 251, 254,   22,  -17,    6,   -9
2435.000, 101, 249, 250, 253,  -17,   18,   13,   -3
2436.000, 190,  95, 251, 252,   -1,  -13,  -20,   13
2437.000,  25, 198, 254, 251,   15,    3,   10,  -17
2438.000, 117,  44, 254, 254,  -15,    8,    4,   14
2439.000, 211, 144, 254, 249,    7,  -13,  -13,   -5
2440.000,  50, 243, 253, 252,    5,   12,   14,   -4
2441.000, 145,  80, 249, 249,  -13,   -4,   -6,   11
2442.000, 242, 177, 254, 248,   15,   -4,   -5,  -11
2443.000,  79,  15, 251, 252,   -6,   10,   17,    4
2444.000, 167, 110, 250, 252,  -12,  -12,  -17,    6
2445.000,   1, 212, 254, 248,   21,    7,    1,  -13
2446.000,  92,  59, 250, 251,  -13,    2,   16,   16
2447.000, 179, 163, 251, 252,   -6,  -11,  -20,  -13
2448.000,  14,  10, 253, 251,   18,   17,    6,    4
2449.000, 106, 112, 252, 252,  -16,  -15,   10,    6
2450.000, 198, 213, 251, 251,    3,    8,  -18,  -14
2451.000,  35,  57, 255, 253,   12,    3,   14,   15
2452.000, 125, 155, 254, 252,  -18,  -12,    1,   -9
2453.000, 216, 253, 251, 253,   10,   15,  -15,   -1
2454.000,  51,  95, 253, 250,    6,  -10,   17,   11
2455.000, 143, 197, 251, 252,  -17,    2,   -7,  -15
2456.000, 237,  41, 250, 252,   16,    8,   -8,   12
2457.000,  75, 141, 253, 250,   -5,  -14,   18,   -4
2458.000, 168, 240, 251, 251,  -10,   13,  -15,   -5
2459.000,   7,  84, 251, 252,   20,   -7,    3,   13
2460.000,  95, 182, 252, 253,  -15,   -4,   16,  -15
2461.000, 185,  24, 250, 253,   -4,   14,  -22,    9
2462.000,  17, 126, 254, 255,   21,  -18,    9,    1
2463.000, 108, 228, 253, 253,  -19,   14,   10,  -12
2464.000, 198,  75, 253, 251,    3,   -5,  -21,   18
2465.000,  33, 175, 255, 253,   15,   -7,   15,  -16
2466.000, 125,  18, 251, 253,  -21,   16,    2,    8
2467.000, 217, 118, 253, 252,   13,  -17,  -18,    4
2468.000,  54, 217, 254, 253,    5,   10,   22,  -14
2469.000, 143,  61, 253, 251,  -22,    1,   -8,   18
2470.000, 234, 162, 251, 254,   20,  -13,  -12,  -14
2471.000,  74,  11, 251, 252,   -5,   19,   22,    5
2472.000, 164, 111, 253, 253,  -15,  -17,  -18,    8
2473.000, 255, 210, 252, 254,   25,    8,    0,  -17
2474.000,  91,  53, 250, 252,  -16,    5,   21,   19
2475.000, 181, 153, 253, 251,   -7,  -17,  -27,  -12
2476.000,  14, 254, 253, 252,   29,   22,   10,   -1
2477.000, 102,  98, 255, 253,  -25,  -17,   19,   16
2478.000, 188, 200, 253, 250,   -3,    5,  -32,  -25
2479.000,  21,  49, 251, 251,   27,   10,   15,   25

[ANTENNA_MEASUREMENT_VALUE_3]
2400.000,  57, 142, 251, 254,    4,  -16,   22,   -5
2401.000, 149, 238, 252, 250,  -20,   13,  -11,   -6
2402.000, 241,  75, 252, 252,   23,   -4,   -9,   13
2403.000,  76, 172, 251, 254,   -7,   -7,   24,  -12
2404.000, 169,  14, 252, 252,  -15,   14,  -23,    5
2405.000,   1, 115, 255, 253,   29,  -15,    1,    5
2406.000,  90, 213, 253, 252,  -17,    8,   23,  -14
2407.000, 180,  61, 252, 250,   -8,    2,  -26,   18
2408.000,  16, 165, 253, 254,   24,  -11,   10,  -14
2409.000, 106,  12, 252, 254,  -21,   16,   13,    5
2410.000, 199, 114, 253, 253,    3,  -15,  -21,    5
2411.000,  42, 218, 252, 251,   10,    9,   16,  -12
2412.000, 138,  62, 253, 250,  -19,    1,   -4,   13
2413.000, 232, 155, 252, 253,   17,   -9,  -11,   -7
2414.000,  67, 250, 253, 253,   -1,   12,   21,   -2
2415.000, 162,  93, 251, 254,  -14,   -8,  -15,    9
2416.000, 255, 193, 252, 249,   22,    0,    0,  -13
2417.000,  91,  31, 253, 253,  -14,    9,   18,    8
2418.000, 184, 127, 252, 252,   -5,  -13,  -23,    0
2419.000,  20, 228, 253, 254,   21,   11,   11,   -9
2420.000, 115,  71, 253, 253,  -25,   -2,    8,   14
2421.000, 206, 171, 253, 249,    9,   -7,  -28,  -12
2422.000,  40,  13, 252, 252,   16,   15,   24,    5
2423.000, 132, 115, 252, 252,  -29,  -16,   -3,    5
2424.000, 225, 218, 248, 253,   22,   10,  -20,  -14
2425.000,  63,  61, 249, 249,    1,    1,   33,   17
2426.000, 152, 158, 254, 253,  -30,  -13,  -20,  -12
2427.000, 240,   1, 252, 254,   34,   20,  -14,    0
2428.000,  74, 103, 253, 253,   -8,  -17,   35,   12
2429.000, 165, 206, 252, 254,  -23,    7,  -29,  -21
2430.000, 254,  50, 254, 254,   37,    7,   -2,   20
2431.000,  87, 150, 253, 253,  -20,  -19,   31,  -11
2432.000, 180, 253, 254, 253,  -10,   22,  -34,   -2
2433.000,  20,  99, 251, 254,   31,  -17,   17,   14
2434.000, 112, 200, 254, 253,  -34,    4,   14,  -21
2435.000, 206,  41, 252, 253,   12,   11,  -35,   18
2436.000,  43, 141, 249, 250,   19,  -21,   34,   -7
2437.000, 137, 239, 251, 253,  -43,   20,   -9,   -9
2438.000, 226,  81, 251, 253,   38,   -9,  -34,   22
2439.000,  57, 178, 251, 252,    9,   -9,   55,  -25
2440.000, 144,  24, 250, 252,  -54,   25,  -23,   17
2441.000, 229, 127, 254, 254,   47,  -33,  -37,    1
2442.000,  62, 230, 253, 252,    3,   28,   57,  -20
2443.000, 150,  80, 250, 252,  -47,  -14,  -27,   33
2444.000, 242, 186, 251, 254,   47,   -5,  -17,  -34
2445.000,  79,  33, 252, 254,  -16,   22,   43,   23
2446.000, 174, 136, 253, 252,  -19,  -29,  -40,   -5
2447.000,  12, 234, 247, 251,   44,   23,   14,  -14
2448.000, 104,  75, 250, 252,  -41,   -7,   27,   25
2449.000, 196, 172, 251, 253,    6,  -13,  -54,  -24
2450.000,  31,  14, 249, 251,   42,   27,   39,   10
2451.000, 119, 114, 254, 254,  -60,  -30,   13,   11
2452.000, 208, 216, 252, 253,   25,   19,  -59,  -28
2453.000,  40,  60, 253, 252,   36,    3,   54,   36
2454.000, 127, 162, 254, 252,  -65,  -26,    1,  -28
2455.000, 217,   9, 254, 255,   36,   37,  -52,    8
2456.000,  53, 113, 251, 254,   17,  -36,   61,   14
2457.000, 144, 216, 252, 253,  -59,   20,  -24,  -31
2458.000, 235,  62, 252, 255,   55,    2,  -31,   37
2459.000,  69, 164, 248, 251,   -8,  -24,   63,  -29
2460.000, 159,  10, 251, 250,  -46,   36,  -44,    9
2461.000, 249, 111, 252, 254,   62,  -34,  -11,   15
2462.000,  84, 213, 252, 254,  -28,   18,   54,  -33
2463.000, 175,  57, 252, 253,  -25,    6,  -56,   37
2464.000,   9, 159, 253, 251,   61,  -26,   14,  -24
2465.000,  99,   2, 254, 253,  -48,   36,   42,    2
2466.000, 185, 101, 252, 255,  -11,  -29,  -63,   23
2467.000,  20, 204, 251, 254,   54,   11,   29,  -36
2468.000, 108,  51, 254, 253,  -53,   12,   28,   36
2469.000, 202, 154, 252, 253,   13,  -29,  -55,  -22
2470.000,  40,   1, 253, 254,   32,   35,   46,    1
2471.000, 129, 102, 252, 255,  -55,  -27,   -2,   20
2472.000, 220, 203, 251, 253,   34,    9,  -41,  -32
2473.000,  56,  48, 250, 253,   11,   12,   52,   30
2474.000, 147, 149, 253, 252,  -47,  -28,  -24,  -15
2475.000, 238, 248, 251, 252,   47,   31,  -23,   -6
2476.000,  71,  93, 253, 251,   -9,  -20,   50,   24
2477.000, 161, 192, 252, 255,  -34,    0,  -36,  -31
2478.000, 253,  38, 252, 254,   47,   18,   -4,   24
2479.000,  89, 138, 253, 255,  -27,  -28,   39,   -7

[PMU_VALUES_END]

[AGCTGT_INITIATOR]
[ 1 1 1 1 ]
[AGCTGT_INITIATOR_END]
[AGCTGT_REFLECTOR]
[ 1 1 1 1 ]
[AGCTGT_REFLECTOR_END]
[OVERDRIVING_INITIATOR]
[ 0 0 0 0 ]
[OVERDRIVING_INITIATOR_END]
[OVERDRIVING_REFLECTOR]
[ 0 0 0 0 ]
[OVERDRIVING_REFLECTOR_END]
FIRMWARE VERSION: 1979
