Freq, i_avg, r_avg, i_qf_avg, r_qf_avg, i_i_avg, r_i_avg, i_q_avg, r_q_avg
[ANTENNA_MEASUREMENT_VALUE_0]
2400.000, 200, 235, 250, 255,    4,   18,  -19,  -10
2401.000,  88, 124, 253, 253,  -12,  -22,   18,    2
2402.000, 220,   6, 254, 253,   14,   24,  -18,    4
2403.000,  91, 140, 254, 252,  -15,  -26,   19,   -7
2404.000, 215,  18, 253, 252,   14,   26,  -22,   12
2405.000,  79, 150, 253, 251,  -10,  -27,   27,  -15
2406.000, 196,  24, 252, 248,    3,   28,  -30,   19
2407.000,  57, 156, 253, 251,    5,  -28,   31,  -23
2408.000, 175,  33, 251, 254,  -13,   27,  -29,   28
2409.000,  34, 166, 251, 254,   22,  -24,   24,  -32
2410.000, 148,  43, 251, 252,  -27,   21,  -15,   36
2411.000,   9, 177, 255, 248,   27,  -15,    6,  -39
2412.000, 125,  56, 252, 253,  -24,    8,    2,   39
2413.000, 244, 188, 250, 252,   19,   -3,   -6,  -35
2414.000, 111,  63, 251, 252,  -15,    1,    7,   30
2415.000, 240, 190, 251, 253,   13,   -1,   -6,  -25
2416.000, 113,  57, 252, 254,  -15,    3,    6,   21
2417.000, 233, 175, 254, 252,   16,   -8,  -10,  -17
2418.000,  98,  35, 253, 253,  -16,   14,   14,   16
2419.000, 216, 163, 254, 251,   13,  -16,  -20,  -18
2420.000,  79,  33, 253, 254,  -10,   19,   25,   20
2421.000, 197, 163, 253, 252,    4,  -20,  -29,  -24
2422.000,  57,  37, 252, 253,    6,   21,   31,   27
2423.000, 172, 167, 253, 251,  -15,  -22,  -30,  -31
2424.000,  32,  43, 251, 254,   24,   20,   24,   36
2425.000, 146, 175, 251, 252,  -29,  -17,  -14,  -40
2426.000,   7,  52, 254, 252,   30,   12,    5,   42
2427.000, 124, 185, 253, 252,  -28,   -7,    3,  -41
2428.000, 242,  59, 252, 252,   25,    5,   -9,   39
2429.000, 106, 187, 255, 253,  -20,   -5,   12,  -36
2430.000, 227,  59, 252, 252,   17,    4,  -14,   33
2431.000,  97, 187, 254, 250,  -15,   -4,   15,  -30
2432.000, 222,  57, 252, 252,   15,    5,  -16,   28
2433.000,  92, 180, 255, 253,  -16,   -8,   20,  -26
2434.000, 212,  47, 254, 253,   14,   12,  -27,   27
2435.000,  72, 170, 250, 253,   -7,  -17,   35,  -28
2436.000, 188,  42, 254, 248,   -4,   20,  -39,   35
2437.000,  48, 174, 253, 254,   15,  -20,   37,  -42
2438.000, 166,  49, 250, 252,  -25,   18,  -34,   47
2439.000,  25, 180, 252, 254,   36,  -15,   25,  -50
2440.000, 141,  53, 254, 254,  -43,   15,  -15,   52
2441.000, 255, 182, 250, 253,   47,  -14,   -1,  -55
2442.000, 116,  59, 251, 249,  -45,    7,   13,   58
2443.000, 233, 188, 252, 252,   42,   -6,  -26,  -60
2444.000,  94,  62, 255, 254,  -33,    4,   36,   61
2445.000, 215, 194, 252, 252,   27,    3,  -42,  -63
2446.000,  77,  70, 253, 254,  -17,   -9,   50,   62
2447.000, 191, 199, 252, 253,    0,   10,  -55,  -63
2448.000,  51,  73, 254, 252,   18,  -14,   53,   66
2449.000, 166, 205, 255, 250,  -33,   22,  -45,  -67
2450.000,  25,  81, 254, 250,   44,  -29,   31,   66
2451.000, 142, 213, 253, 252,  -48,   35,  -17,  -62
2452.000,   3,  89, 253, 253,   48,  -39,    4,   57
2453.000, 121, 219, 251, 253,  -46,   40,    8,  -51
2454.000, 237,  91, 254, 252,   41,  -38,  -21,   48
2455.000,  99, 221, 254, 252,  -34,   38,   29,  -45
2456.000, 218,  94, 255, 251,   26,  -39,  -36,   43
2457.000,  81, 226, 254, 253,  -17,   41,   39,  -38
2458.000, 200, 100, 254, 253,    8,  -42,  -41,   36
2459.000,  63, 229, 255, 249,    1,   43,   42,  -33
2460.000, 180, 101, 254, 252,  -12,  -42,  -40,   32
2461.000,  43, 230, 252, 251,   21,   42,   36,  -31
2462.000, 159, 103, 253, 255,  -30,  -43,  -29,   30
2463.000,  21, 232, 252, 251,   37,   43,   21,  -29
2464.000, 138, 106, 254, 253,  -42,  -45,  -10,   27
2465.000, 253, 234, 252, 251,   42,   45,   -3,  -27
2466.000, 112, 106, 253, 252,  -38,  -46,   16,   28
2467.000, 230, 238, 254, 252,   32,   48,  -23,  -23
2468.000,  95, 115, 253, 252,  -26,  -48,   28,   16
2469.000, 213, 244, 255, 252,   18,   46,  -33,  -14
2470.000,  74, 120, 254, 248,   -9,  -46,   36,    9
2471.000, 193, 248, 252, 249,    1,   46,  -36,   -9
2472.000,  56, 122, 252, 253,    7,  -45,   35,    7
2473.000, 174, 252, 252, 251,  -16,   44,  -31,   -4
2474.000,  34, 125, 251, 250,   23,  -43,   26,    3
2475.000, 150, 255, 253, 253,  -29,   43,  -17,   -1
2476.000,  10, 130, 255, 250,   30,  -42,    7,   -2
2477.000, 127,   5, 250, 253,  -27,   40,    1,    5
2478.000, 247, 136, 252, 252,   23,  -36,   -5,   -7
2479.000, 114,   9, 251, 252,  -21,   32,    8,    7

[ANTENNA_MEASUREMENT_VALUE_1]
2400.000, 190,  61, 251, 252,   -4,    6,  -78,   76
2401.000,  49, 189, 252, 253,   25,   -5,   67,  -72
2402.000, 168,  62, 255, 254,  -37,    3,  -55,   67
2403.000,  33, 191, 254, 253,   43,   -2,   45,  -61
2404.000, 153,  62, 251, 252,  -53,    3,  -37,   57
2405.000,  16, 188, 252, 254,   60,   -6,   24,  -53
2406.000, 135,  59, 253, 253,  -65,    7,  -11,   55
2407.000, 253, 188, 251, 254,   65,   -6,   -4,  -55
2408.000, 117,  61, 254, 249,  -64,    4,   18,   57
2409.000, 236, 191, 253, 253,   60,   -2,  -32,  -56
2410.000,  98,  63, 250, 254,  -51,    0,   46,   57
2411.000, 217, 195, 255, 251,   40,    4,  -57,  -58
2412.000,  76,  68, 255, 251,  -20,   -5,   67,   59
2413.000, 191, 198, 252, 253,    0,    8,  -68,  -59
2414.000,  52,  73, 253, 248,   18,  -13,   59,   59
2415.000, 172, 204, 253, 252,  -26,   17,  -48,  -56
2416.000,  35,  79, 254, 254,   35,  -19,   41,   50
2417.000, 157, 205, 250, 252,  -41,   15,  -35,  -45
2418.000,  20,  74, 254, 253,   51,  -11,   27,   45
2419.000, 136, 200, 254, 247,  -57,    9,  -12,  -46
2420.000, 254,  73, 252, 252,   59,  -11,   -3,   48
2421.000, 116, 204, 254, 250,  -55,   14,   17,  -49
2422.000, 236,  79, 251, 251,   47,  -18,  -26,   48
2423.000, 100, 209, 252, 252,  -42,   20,   35,  -45
2424.000, 218,  82, 254, 252,   33,  -20,  -43,   42
2425.000,  82, 209, 253, 253,  -25,   18,   51,  -43
2426.000, 197,  81, 253, 253,    8,  -19,  -59,   43
2427.000,  58, 209, 253, 254,    9,   20,   60,  -45
2428.000, 173,  83, 252, 253,  -27,  -23,  -54,   46
2429.000,  32, 214, 251, 254,   39,   27,   39,  -45
2430.000, 148,  88, 254, 252,  -45,  -29,  -24,   43
2431.000,   9, 221, 254, 254,   46,   31,   10,  -36
2432.000, 130,  95, 254, 254,  -43,  -31,   -2,   32
2433.000, 248, 226, 254, 254,   40,   30,   -8,  -27
2434.000, 115,  98, 253, 252,  -34,  -28,   11,   25
2435.000, 237, 228, 252, 250,   31,   27,  -16,  -23
2436.000, 104,  96, 253, 253,  -30,  -22,   19,   22
2437.000, 223, 222, 253, 253,   26,   20,  -27,  -23
2438.000,  88,  90, 254, 252,  -21,  -18,   31,   24
2439.000, 208, 217, 253, 249,   15,   19,  -36,  -26
2440.000,  71,  88, 251, 248,   -7,  -18,   41,   27
2441.000, 185, 213, 255, 255,   -7,   16,  -43,  -29
2442.000,  47,  84, 253, 254,   18,  -17,   41,   32
2443.000, 167, 217, 252, 252,  -29,   22,  -41,  -31
2444.000,  24,  90, 249, 253,   43,  -23,   28,   31
2445.000, 139, 221, 253, 253,  -49,   28,  -13,  -32
2446.000, 251, 100, 253, 251,   45,  -34,   -6,   28
2447.000, 110, 234, 254, 253,  -32,   38,   15,  -23
2448.000, 230, 114, 254, 252,   23,  -37,  -17,   13
2449.000, 102, 246, 249, 254,  -19,   30,   14,   -8
2450.000, 230, 116, 252, 253,   20,  -24,  -16,    7
2451.000,  94, 236, 254, 251,  -19,   18,   21,   -9
2452.000, 210,  99, 250, 254,   12,  -16,  -26,   15
2453.000,  74, 226, 253, 252,   -6,   18,   25,  -16
2454.000, 194,  99, 251, 252,    1,  -18,  -24,   16
2455.000,  66, 227, 254, 252,   -1,   17,   25,  -15
2456.000, 188,  97, 254, 252,   -3,  -15,  -29,   14
2457.000,  53, 218, 253, 253,    9,   13,   32,  -17
2458.000, 170,  89, 252, 251,  -19,  -14,  -32,   20
2459.000,  28, 216, 254, 250,   29,   15,   24,  -24
2460.000, 144,  92, 252, 251,  -34,  -21,  -14,   25
2461.000,   8, 225, 253, 254,   35,   23,    7,  -22
2462.000, 126,  99, 253, 252,  -37,  -24,    2,   21
2463.000, 244, 227, 250, 252,   35,   23,  -10,  -20
2464.000, 104, 100, 254, 251,  -30,  -24,   20,   20
2465.000, 224, 229, 251, 254,   24,   25,  -24,  -20
2466.000,  86, 102, 254, 253,  -17,  -25,   29,   19
2467.000, 208, 230, 254, 251,   13,   24,  -31,  -18
2468.000,  74, 101, 254, 254,   -9,  -23,   35,   18
2469.000, 192, 230, 252, 251,    0,   23,  -39,  -17
2470.000,  52, 101, 252, 253,   12,  -24,   39,   19
2471.000, 170, 231, 251, 250,  -21,   27,  -36,  -19
2472.000,  31, 106, 251, 251,   30,  -30,   29,   18
2473.000, 150, 236, 253, 252,  -36,   32,  -21,  -16
2474.000,  11, 112, 253, 250,   41,  -33,   11,   14
2475.000, 127, 241, 253, 248,  -41,   34,    1,  -13
2476.000, 244, 115, 254, 252,   40,  -35,  -12,   11
2477.000, 104, 246, 251, 249,  -32,   34,   22,   -9
2478.000, 222, 120, 253, 252,   24,  -35,  -27,    7
2479.000,  86, 251, 255, 253,  -18,   33,   30,   -4

[ANTENNA_MEASUREMENT_VALUE_2]
2400.000, 157, 119, 251, 251,  -16,  -18,  -14,    4
2401.000,  14, 249, 253, 251,   20,   18,    7,   -3
2402.000, 129, 122, 253, 253,  -21,  -18,   -1,    3
2403.000, 247, 253, 254, 253,   20,   19,   -4,   -2
2404.000, 108, 127, 251, 251,  -17,  -18,    9,    0
2405.000, 227,   2, 252, 252,   14,   17,  -12,    1
2406.000,  90, 132, 252, 253,  -10,  -16,   14,   -2
2407.000, 212,   5, 253, 252,    8,   15,  -15,    2
2408.000,  80, 135, 252, 251,   -7,  -14,   16,   -2
2409.000, 202,   4, 250, 253,    4,   14,  -18,    1
2410.000,  67, 130, 254, 250,   -1,  -14,   19,   -1
2411.000, 186,   1, 251, 252,   -3,   15,  -21,    0
2412.000,  46, 127, 253, 255,   10,  -16,   21,    0
2413.000, 163,   0, 254, 252,  -17,   18,  -19,    0
2414.000,  23, 132, 253, 253,   22,  -19,   14,   -2
2415.000, 140,   6, 254, 250,  -26,   21,   -8,    3
2416.000, 252, 139, 252, 252,   28,  -21,   -3,   -6
2417.000, 112,  12, 255, 252,  -27,   21,   11,    6
2418.000, 225, 141, 254, 252,   21,  -22,  -20,   -7
2419.000,  84,  20, 252, 251,  -12,   21,   24,   11
2420.000, 200, 153, 253, 251,    4,  -19,  -24,  -13
2421.000,  61,  31, 251, 251,    1,   16,   22,   15
2422.000, 183, 164, 254, 252,   -4,  -13,  -18,  -16
2423.000,  49,  39, 252, 253,    6,   10,   17,   15
2424.000, 173, 166, 255, 248,   -8,   -9,  -16,  -12
2425.000,  38,  34, 252, 253,   12,   10,   16,   11
2426.000, 154, 159, 251, 253,  -17,  -11,  -13,  -10
2427.000,  13,  29, 253, 254,   21,   12,    7,   11
2428.000, 125, 161, 253, 252,  -21,  -12,    2,  -12
2429.000, 239,  37, 255, 253,   18,   11,   -8,   14
2430.000,  97, 170, 255, 254,  -12,   -9,   12,  -15
2431.000, 215,  48, 251, 253,    7,    6,  -11,   14
2432.000,  80, 181, 254, 253,   -4,   -3,   10,  -13
2433.000, 211,  56, 248, 253,    3,    2,   -7,   11
2434.000,  95, 185, 244, 252,   -5,   -2,    5,   -8
2435.000, 222,  46, 245, 247,    7,    3,   -7,    5
2436.000,  87, 156, 250, 250,   -6,   -5,   10,   -4
2437.000, 207,  20, 250, 251,    5,    7,  -13,    4
2438.000,  67, 145, 250, 249,   -1,   -9,   16,   -4
2439.000, 183,  17, 253, 254,   -3,   10,  -16,    5
2440.000,  48, 147, 249, 249,    6,  -11,   15,   -6
2441.000, 165,  21, 254, 253,  -11,   11,  -14,    6
2442.000,  26, 147, 251, 252,   15,  -12,   11,   -6
2443.000, 144,  22, 250, 250,  -18,   12,   -8,    7
2444.000,   5, 150, 251, 254,   18,  -13,    2,   -8
2445.000, 127,  29, 255, 253,  -18,   12,    0,   10
2446.000, 250, 161, 255, 253,   18,  -10,   -3,  -11
2447.000, 115,  32, 253, 253,  -17,   10,    6,   10
2448.000, 238, 160, 253, 254,   18,  -10,   -9,  -10
2449.000, 101,  29, 254, 254,  -18,   11,   14,    9
2450.000, 217, 153, 251, 253,   15,  -13,  -21,   -9
2451.000,  77,  26, 253, 254,   -8,   15,   25,   11
2452.000, 193, 157, 252, 251,    1,  -16,  -27,  -13
2453.000,  54,  34, 250, 252,    7,   15,   27,   16
2454.000, 170, 163, 254, 252,  -14,  -15,  -24,  -17
2455.000,  31,  39, 253, 252,   20,   13,   20,   19
2456.000, 150, 171, 251, 252,  -25,  -11,  -14,  -20
2457.000,  13,  47, 252, 254,   28,   10,    9,   21
2458.000, 129, 177, 251, 252,  -30,   -8,   -1,  -22
2459.000, 244,  52, 254, 253,   28,    7,   -8,   23
2460.000, 103, 185, 251, 254,  -22,   -4,   15,  -24
2461.000, 222,  61, 253, 252,   16,    2,  -18,   24
2462.000,  86, 194, 254, 253,  -11,    1,   18,  -22
2463.000, 209,  67, 255, 252,    8,   -2,  -19,   20
2464.000,  75, 194, 250, 255,   -5,    1,   20,  -18
2465.000, 197,  64, 250, 250,    2,    0,  -21,   17
2466.000,  59, 189, 253, 253,    2,   -1,   21,  -17
2467.000, 180,  59, 252, 253,   -6,    2,  -21,   17
2468.000,  44, 186, 252, 249,   11,   -3,   21,  -17
2469.000, 164,  60, 253, 252,  -15,    2,  -19,   19
2470.000,  28, 191, 252, 252,   19,    0,   16,  -19
2471.000, 148,  65, 253, 249,  -23,    0,  -12,   20
2472.000,  10, 193, 254, 254,   25,    1,    6,  -20
2473.000, 130,  66, 250, 250,  -26,   -1,   -1,   21
2474.000, 249, 196, 254, 252,   27,    2,   -5,  -21
2475.000, 111,  69, 253, 253,  -27,   -3,   12,   22
2476.000, 228, 198, 252, 250,   24,    3,  -20,  -23
2477.000,  88,  72, 253, 251,  -17,   -5,   26,   25
2478.000, 204, 204, 253, 252,    9,    7,  -29,  -25
2479.000,  63,  81, 253, 250,    0,  -11,   29,   24

[ANTENNA_MEASUREMENT_VALUE_3]
2400.000, 111,  42, 252, 249,  -10,    6,    5,   10
2401.000, 218, 178, 252, 251,    5,   -4,   -7,  -10
2402.000,  76,  58, 248, 252,   -2,    1,    7,    9
2403.000, 188, 198, 255, 247,   -1,    1,   -7,   -8
2404.000,  42,  75, 247, 250,    3,   -2,    6,    6
2405.000, 157, 211, 250, 249,   -5,    3,   -4,   -5
2406.000,  10,  92, 252, 244,    6,   -4,    2,    5
2407.000, 119, 228, 237, 243,   -6,    4,    1,   -3
2408.000, 229, 111, 249, 247,    4,   -5,   -3,    2
2409.000,  92, 253, 231, 251,   -3,    5,    4,    0
2410.000, 222, 135, 247, 245,    3,   -4,   -4,   -1
2411.000,  77,  11, 251, 241,   -2,    4,    7,    1
2412.000, 191, 132, 247, 245,    0,   -4,   -8,    0
2413.000,  52,  13, 254, 255,    3,    6,    9,    2
2414.000, 164, 145, 249, 248,   -7,   -6,   -8,   -3
2415.000,  19,  23, 249, 250,   11,    7,    6,    4
2416.000, 127, 158, 252, 250,  -13,   -7,    0,   -6
2417.000, 241,  37, 253, 251,   11,    7,   -4,    8
2418.000, 100, 173, 250, 246,   -9,   -5,    8,  -10
2419.000, 217,  54, 254, 250,    6,    3,   -9,   10
2420.000,  78, 188, 252, 248,   -3,   -1,    9,  -10
2421.000, 208,  67, 255, 255,    3,   -1,   -9,   10
2422.000,  78, 198, 250, 245,   -4,    1,   10,   -8
2423.000, 196,  64, 248, 247,    1,    0,  -13,    8
2424.000,  57, 187, 251, 250,    2,   -1,   14,   -9
2425.000, 174,  61, 252, 249,   -7,    1,  -15,   11
2426.000,  34, 193, 254, 251,   12,    0,   13,  -12
2427.000, 148,  68, 251, 254,  -17,   -1,   -9,   14
2428.000,   8, 200, 252, 249,   18,    3,    3,  -15
2429.000, 126,  78, 254, 251,  -18,   -5,    1,   15
2430.000, 240, 210, 253, 250,   17,    7,   -7,  -14
2431.000, 104,  84, 254, 252,  -15,   -7,   10,   14
2432.000, 224, 218, 252, 253,   13,    9,  -13,  -13
2433.000,  89,  92, 252, 253,  -10,  -10,   14,   12
2434.000, 213, 224, 253, 253,    9,   11,  -16,  -11
2435.000,  77,  96, 252, 253,   -6,  -11,   19,   11
2436.000, 197, 224, 252, 253,    2,   11,  -22,  -11
2437.000,  56,  95, 252, 254,    5,  -11,   24,   12
2438.000, 171, 225, 253, 253,  -13,   14,  -22,  -13
2439.000,  30, 102, 253, 250,   19,  -17,   17,   13
2440.000, 146, 235, 252, 255,  -23,   19,  -11,  -11
2441.000,   4, 111, 251, 252,   22,  -20,    2,    9
2442.000, 129, 243, 247, 253,  -21,   20,    0,   -7
2443.000, 252, 122, 253, 251,   22,  -19,   -2,    3
2444.000, 114, 246, 252, 253,  -23,   17,    8,   -4
2445.000, 233, 120, 253, 253,   21,  -18,  -13,    4
2446.000,  99, 250, 254, 252,  -18,   21,   16,   -3
2447.000, 218, 126, 253, 252,   15,  -20,  -21,    1
2448.000,  82, 254, 254, 251,  -11,   21,   25,   -1
2449.000, 199, 129, 250, 250,    5,  -22,  -29,    0
2450.000,  60,   1, 255, 250,    3,   23,   30,    1
2451.000, 177, 133, 251, 252,  -12,  -25,  -29,   -3
2452.000,  36,   9, 254, 250,   20,   25,   24,    6
2453.000, 154, 140, 255, 254,  -24,  -25,  -18,   -8
2454.000,  14,  16, 249, 250,   28,   24,   10,   10
2455.000, 131, 147, 251, 251,  -28,  -23,   -2,  -11
2456.000, 253,  24, 251, 254,   26,   21,   -2,   14
2457.000, 118, 156, 253, 252,  -25,  -18,    6,  -15
2458.000, 239,  31, 252, 252,   22,   16,  -10,   15
2459.000, 106, 159, 253, 253,  -21,  -16,   12,  -15
2460.000, 227,  34, 253, 252,   19,   14,  -16,   15
2461.000,  92, 159, 255, 254,  -17,  -15,   20,  -14
2462.000, 211,  32, 254, 252,   12,   15,  -24,   15
2463.000,  77, 159, 253, 252,   -8,  -16,   26,  -15
2464.000, 196,  34, 253, 252,    3,   15,  -29,   17
2465.000,  60, 161, 251, 252,    3,  -16,   31,  -17
2466.000, 177,  32, 252, 251,  -12,   17,  -32,   17
2467.000,  38, 162, 253, 253,   22,  -18,   30,  -19
2468.000, 154,  36, 251, 251,  -31,   19,  -23,   22
2469.000,  18, 170, 254, 253,   36,  -16,   17,  -27
2470.000, 136,  50, 253, 253,  -39,   11,   -7,   31
2471.000, 253, 182, 251, 253,   41,   -8,   -3,  -32
2472.000, 115,  58, 253, 254,  -39,    5,   13,   33
2473.000, 232, 190, 253, 252,   35,   -2,  -23,  -34
2474.000,  93,  67, 254, 252,  -26,   -2,   30,   35
2475.000, 213, 200, 253, 249,   19,    6,  -35,  -34
2476.000,  74,  75, 254, 254,   -9,   -9,   39,   33
2477.000, 190, 205, 252, 253,   -2,   10,  -40,  -32
2478.000,  50,  81, 255, 253,   13,  -14,   37,   31
2479.000, 168, 214, 253, 251,  -21,   18,  -32,  -29

[PMU_VALUES_END]

[AGCTGT_INITIATOR]
[ 1 1 1 1 ]
[AGCTGT_INITIATOR_END]
[AGCTGT_REFLECTOR]
[ 1 1 1 1 ]
[AGCTGT_REFLECTOR_END]
[OVERDRIVING_INITIATOR]
[ 0 0 0 0 ]
[OVERDRIVING_INITIATOR_END]
[OVERDRIVING_REFLECTOR]
[ 0 0 0 0 ]
[OVERDRIVING_REFLECTOR_END]
FIRMWARE VERSION: 1979
