Freq, i_avg, r_avg, i_qf_avg, r_qf_avg, i_i_avg, r_i_avg, i_q_avg, r_q_avg
[ANTENNA_MEASUREMENT_VALUE_0]
2400.000,  10, 118, 253, 248,   18,  -23,    4,    6
2401.000, 239, 101, 253, 251,   17,  -19,   -8,   15
2402.000, 203,  76, 251, 252,    5,   -7,  -18,   23
2403.000, 165,  48, 252, 253,  -12,    9,  -15,   22
2404.000, 121,  16, 253, 254,  -19,   22,    3,    9
2405.000,  75, 237, 252, 253,   -5,   21,   19,  -11
2406.000,  27, 202, 252, 251,   16,    6,   12,  -23
2407.000, 235, 167, 251, 253,   17,  -14,  -10,  -21
2408.000, 185, 133, 254, 253,   -3,  -25,  -19,   -3
2409.000, 137, 100, 253, 252,  -18,  -20,   -4,   16
2410.000,  90,  68, 252, 251,  -10,   -2,   14,   25
2411.000,  43,  35, 253, 251,    8,   16,   14,   18
2412.000, 251, 254, 254, 251,   15,   22,   -2,   -1
2413.000, 204, 218, 254, 252,    4,   12,  -13,  -17
2414.000, 158, 181, 251, 253,   -9,   -5,   -8,  -19
2415.000, 116, 144, 252, 251,  -11,  -16,    4,   -7
2416.000,  72, 105, 251, 252,   -2,  -14,   13,    9
2417.000,  25,  61, 252, 254,   11,    1,    8,   15
2418.000, 229,  17, 251, 252,   12,   15,   -9,    7
2419.000, 182, 237, 253, 251,   -4,   16,  -15,   -8
2420.000, 132, 201, 254, 253,  -14,    4,   -1,  -18
2421.000,  84, 167, 255, 251,   -6,  -11,   12,  -16
2422.000,  38, 133, 252, 254,    7,  -19,    9,   -2
2423.000, 253,  99, 250, 251,   11,  -13,   -1,   11
2424.000, 213,  61, 250, 253,    5,    1,   -9,   15
2425.000, 172,  17, 250, 251,   -6,   12,  -10,    6
2426.000, 127, 230, 248, 250,  -14,   11,    0,   -8
2427.000,  79, 185, 251, 253,   -6,   -3,   15,  -15
2428.000,  29, 145, 253, 252,   14,  -16,   12,   -7
2429.000, 234, 109, 253, 254,   16,  -18,  -10,    9
2430.000, 181,  73, 250, 253,   -5,   -5,  -18,   23
2431.000, 133,  39, 252, 252,  -18,   14,   -2,   20
2432.000,  89,   8, 253, 252,  -10,   24,   15,    5
2433.000,  43, 228, 252, 251,    9,   18,   16,  -15
2434.000, 252, 190, 253, 251,   21,   -1,   -2,  -24
2435.000, 203, 152, 253, 253,    6,  -21,  -21,  -13
2436.000, 153, 114, 254, 252,  -19,  -25,  -13,    9
2437.000, 101,  81, 252, 254,  -18,  -11,   14,   26
2438.000,  52,  46, 252, 255,    7,   13,   21,   27
2439.000,   4,  13, 252, 253,   21,   29,    2,    9
2440.000, 213, 234, 252, 254,   10,   25,  -18,  -15
2441.000, 165, 198, 254, 252,  -12,    4,  -16,  -27
2442.000, 117, 156, 253, 253,  -20,  -21,    6,  -17
2443.000,  72, 120, 253, 253,   -4,  -26,   21,    5
2444.000,  26,  81, 251, 253,   18,  -11,   14,   25
2445.000, 235,  46, 253, 253,   21,   12,  -12,   26
2446.000, 189,  10, 254, 252,   -2,   29,  -26,    7
2447.000, 139, 229, 254, 254,  -27,   25,   -8,  -19
2448.000,  87, 193, 254, 252,  -16,    1,   25,  -34
2449.000,  36, 157, 253, 252,   19,  -28,   23,  -24
2450.000, 241, 124, 253, 254,   29,  -39,  -11,    4
2451.000, 191,  91, 254, 253,   -1,  -24,  -30,   31
2452.000, 140,  56, 253, 254,  -28,    7,   -9,   39
2453.000,  90,  22, 254, 254,  -17,   33,   23,   20
2454.000,  38, 242, 254, 253,   16,   36,   22,  -13
2455.000, 247, 209, 253, 252,   26,   15,   -6,  -33
2456.000, 198, 174, 253, 254,    4,  -15,  -26,  -32
2457.000, 149, 140, 251, 252,  -22,  -33,  -12,   -9
2458.000, 100, 106, 253, 252,  -19,  -29,   16,   18
2459.000,  52,  71, 250, 252,    7,   -6,   22,   32
2460.000,   3,  36, 252, 253,   22,   20,    2,   24
2461.000, 211,   1, 253, 252,    9,   30,  -19,    1
2462.000, 162, 222, 253, 253,  -14,   19,  -15,  -21
2463.000, 113, 186, 253, 254,  -17,   -4,    7,  -27
2464.000,  66, 150, 254, 250,   -1,  -22,   17,  -14
2465.000,  18, 115, 251, 253,   15,  -22,    7,    8
2466.000, 227,  74, 252, 253,   11,   -5,  -10,   21
2467.000, 182,  38, 255, 251,   -4,   12,  -15,   16
2468.000, 136, 254, 252, 250,  -14,   19,   -3,   -1
2469.000,  89, 218, 254, 255,   -8,   11,   12,  -15
2470.000,  45, 183, 254, 254,    6,   -4,   12,  -18
2471.000, 253, 146, 251, 249,   13,  -16,   -1,   -8
2472.000, 207, 109, 252, 253,    4,  -15,  -11,    8
2473.000, 162,  73, 251, 252,   -7,   -3,   -8,   15
2474.000, 124,  34, 255, 254,  -10,   10,    1,   11
2475.000,  82, 250, 252, 251,   -5,   13,   10,   -2
2476.000,  35, 204, 251, 250,    8,    4,   10,  -12
2477.000, 242, 161, 250, 251,   13,  -10,   -4,  -10
2478.000, 195, 124, 254, 253,    1,  -16,  -14,    2
2479.000, 149,  87, 253, 252,  -12,   -9,   -7,   14

[ANTENNA_MEASUREMENT_VALUE_1]
2400.000, 143,  10, 253, 253,  -32,   29,  -13,    7
2401.000,  93, 227, 253, 253,  -23,   23,   27,  -19
2402.000,  44, 190, 255, 252,   17,   -2,   32,  -30
2403.000, 252, 153, 254, 252,   36,  -25,   -4,  -18
2404.000, 203, 116, 254, 251,   10,  -30,  -36,    9
2405.000, 153,  81, 254, 252,  -31,  -12,  -22,   29
2406.000, 106,  44, 254, 253,  -32,   15,   19,   29
2407.000,  58,  11, 254, 253,    6,   32,   36,    8
2408.000,  12, 232, 254, 252,   34,   26,   10,  -18
2409.000, 222, 196, 250, 252,   25,    3,  -27,  -31
2410.000, 176, 159, 254, 253,  -15,  -22,  -36,  -21
2411.000, 129, 122, 252, 253,  -43,  -32,    0,    5
2412.000,  77,  85, 249, 253,  -13,  -17,   42,   29
2413.000,  25,  50, 252, 252,   37,   12,   26,   35
2414.000, 230,  17, 252, 251,   34,   35,  -25,   15
2415.000, 180, 239, 253, 254,  -11,   35,  -38,  -15
2416.000, 131, 207, 254, 252,  -38,   13,   -2,  -34
2417.000,  84, 171, 254, 252,  -16,  -17,   32,  -30
2418.000,  36, 133, 252, 253,   22,  -32,   27,   -4
2419.000, 244,  97, 253, 254,   33,  -23,  -10,   21
2420.000, 200,  61, 254, 253,    6,    3,  -34,   30
2421.000, 152,  25, 254, 251,  -29,   24,  -20,   17
2422.000, 106, 244, 251, 251,  -30,   28,   18,   -8
2423.000,  58, 208, 251, 252,    6,   11,   36,  -28
2424.000,   8, 171, 251, 252,   35,  -15,    6,  -27
2425.000, 216, 136, 252, 253,   19,  -31,  -29,   -6
2426.000, 167, 101, 255, 254,  -19,  -24,  -28,   19
2427.000, 120,  65, 254, 253,  -33,   -1,    7,   30
2428.000,  72,  29, 252, 252,   -6,   22,   33,   19
2429.000,  24, 248, 253, 250,   27,   28,   18,   -5
2430.000, 229, 210, 251, 251,   26,   12,  -20,  -26
2431.000, 180, 174, 252, 251,   -9,  -12,  -32,  -25
2432.000, 131, 139, 252, 251,  -33,  -28,   -3,   -8
2433.000,  82, 105, 253, 253,  -13,  -24,   27,   16
2434.000,  35,  72, 252, 252,   18,   -5,   21,   28
2435.000, 243,  37, 252, 253,   23,   16,   -8,   21
2436.000, 202,   1, 253, 253,    5,   24,  -22,    1
2437.000, 159, 221, 251, 252,  -16,   14,  -15,  -16
2438.000, 116, 179, 250, 253,  -24,   -6,    7,  -18
2439.000,  67, 137, 254, 253,   -2,  -19,   28,   -4
2440.000,  17,  96, 254, 254,   27,  -15,   12,   15
2441.000, 220,  60, 252, 252,   20,    3,  -24,   24
2442.000, 166,  23, 254, 254,  -18,   22,  -25,   14
2443.000, 118, 248, 252, 252,  -28,   27,    7,   -6
2444.000,  67, 217, 253, 253,   -2,   15,   27,  -21
2445.000,  20, 183, 253, 252,   22,   -5,   11,  -25
2446.000, 228, 151, 255, 252,   16,  -19,  -13,  -12
2447.000, 184, 116, 251, 252,   -3,  -20,  -16,    6
2448.000, 145,  81, 250, 253,  -14,   -7,   -7,   16
2449.000, 104,  42, 254, 253,  -13,    7,    9,   12
2450.000,  60, 252, 251, 252,    2,   14,   17,   -1
2451.000,  14, 209, 252, 253,   17,    6,    6,  -12
2452.000, 223, 170, 254, 252,   13,   -8,  -14,  -13
2453.000, 175, 131, 254, 251,   -8,  -16,  -18,   -1
2454.000, 125,  92, 253, 254,  -20,  -10,    2,   13
2455.000,  78,  56, 252, 252,   -6,    3,   19,   17
2456.000,  30,  21, 253, 252,   15,   15,   13,    8
2457.000, 240, 242, 255, 254,   18,   16,   -8,   -6
2458.000, 191, 208, 255, 251,    0,    6,  -17,  -15
2459.000, 149, 171, 250, 253,  -13,   -8,   -7,  -14
2460.000, 110, 137, 253, 252,  -14,  -15,    6,   -3
2461.000,  67,  95, 252, 253,   -1,   -9,   16,    9
2462.000,  22,  51, 254, 251,   16,    4,    9,   12
2463.000, 232,  10, 252, 253,   15,   14,  -11,    3
2464.000, 185, 227, 250, 253,   -3,   12,  -20,  -10
2465.000, 138, 188, 253, 255,  -22,   -2,   -5,  -16
2466.000,  87, 146, 251, 252,  -12,  -16,   20,   -8
2467.000,  41, 111, 253, 251,   13,  -18,   21,    8
2468.000, 252,  74, 254, 250,   26,   -4,   -3,   19
2469.000, 203,  39, 252, 252,    7,   12,  -27,   17
2470.000, 152,   3, 253, 252,  -24,   22,  -16,    2
2471.000, 107, 226, 254, 252,  -24,   18,   13,  -16
2472.000,  59, 191, 252, 251,    3,    0,   28,  -24
2473.000,  13, 155, 253, 253,   27,  -19,    9,  -14
2474.000, 223, 117, 255, 254,   21,  -23,  -22,    6
2475.000, 175,  79, 255, 250,  -13,   -9,  -29,   23
2476.000, 126,  42, 253, 251,  -34,   13,    1,   23
2477.000,  77,   7, 252, 255,  -11,   27,   34,    4
2478.000,  28, 227, 254, 253,   29,   22,   23,  -19
2479.000, 234, 192, 250, 252,   32,    0,  -19,  -30

[ANTENNA_MEASUREMENT_VALUE_2]
2400.000, 133, 196, 253, 253,  -27,    2,   -4,  -22
2401.000,  79, 163, 252, 251,  -10,  -18,   27,  -22
2402.000,  27, 133, 255, 253,   23,  -32,   18,   -4
2403.000, 233, 100, 252, 253,   24,  -26,  -15,   21
2404.000, 187,  68, 251, 255,   -4,   -3,  -29,   34
2405.000, 139,  33, 253, 252,  -31,   23,   -8,   24
2406.000,  88, 251, 253, 250,  -19,   34,   28,   -5
2407.000,  38, 217, 253, 253,   21,   21,   28,  -31
2408.000, 244, 183, 252, 252,   34,   -9,  -10,  -39
2409.000, 195, 151, 253, 252,    3,  -35,  -34,  -22
2410.000, 146, 118, 255, 250,  -30,  -40,  -14,   10
2411.000, 101,  86, 252, 252,  -25,  -20,   20,   35
2412.000,  54,  50, 252, 253,    8,   13,   30,   36
2413.000,   9,  13, 252, 253,   29,   35,    6,   12
2414.000, 220, 233, 253, 251,   20,   30,  -25,  -19
2415.000, 172, 191, 250, 253,  -16,    0,  -30,  -35
2416.000, 122, 156, 252, 254,  -37,  -29,    6,  -23
2417.000,  73, 116, 252, 251,   -8,  -38,   38,   12
2418.000,  22,  77, 254, 252,   35,  -14,   21,   41
2419.000, 228,  45, 251, 254,   32,   21,  -26,   40
2420.000, 181,  12, 255, 253,  -11,   45,  -38,   13
2421.000, 135, 234, 253, 252,  -40,   40,   -7,  -24
2422.000,  89, 200, 255, 251,  -25,    8,   35,  -45
2423.000,  40, 162, 253, 254,   26,  -31,   39,  -35
2424.000, 245, 125, 253, 250,   48,  -49,  -13,    3
2425.000, 193,  90, 252, 250,    1,  -32,  -51,   43
2426.000, 141,  57, 254, 252,  -48,   10,  -16,   56
2427.000,  91,  25, 254, 253,  -30,   48,   39,   33
2428.000,  41, 248, 254, 251,   25,   57,   40,  -11
2429.000, 249, 214, 252, 251,   44,   28,   -7,  -48
2430.000, 199, 178, 255, 254,    8,  -18,  -46,  -50
2431.000, 149, 142, 252, 255,  -41,  -48,  -24,  -17
2432.000,  99, 108, 251, 253,  -36,  -46,   31,   25
2433.000,  49,  75, 253, 251,   17,  -15,   43,   51
2434.000, 255,  43, 254, 251,   44,   26,   -2,   47
2435.000, 203,  11, 252, 254,   11,   50,  -39,   14
2436.000, 154, 234, 253, 249,  -30,   43,  -22,  -26
2437.000, 105, 202, 252, 250,  -28,   11,   18,  -45
2438.000,  59, 166, 251, 252,    4,  -24,   31,  -34
2439.000,  10, 131, 252, 252,   29,  -37,    7,   -3
2440.000, 217,  93, 252, 253,   16,  -23,  -23,   26
2441.000, 167,  58, 254, 253,  -15,    5,  -21,   33
2442.000, 114,  20, 254, 252,  -22,   28,    8,   15
2443.000,  69, 243, 252, 253,   -2,   28,   20,   -9
2444.000,  23, 208, 254, 251,   15,   10,    9,  -24
2445.000, 238, 174, 250, 252,   15,  -10,   -8,  -21
2446.000, 191, 137, 254, 254,    0,  -20,  -17,   -4
2447.000, 141,  96, 254, 253,  -15,  -14,   -5,   14
2448.000,  90,  61, 253, 252,   -8,    2,   11,   19
2449.000,  41,  26, 252, 253,    6,   15,    9,   11
2450.000, 253, 248, 249, 251,    7,   16,   -1,   -3
2451.000, 226, 213, 243, 252,    4,    6,   -4,  -11
2452.000, 200, 172, 250, 245,    1,   -4,   -6,   -7
2453.000, 166, 118, 252, 250,   -5,   -6,   -7,    2
2454.000, 116,  56, 253, 255,  -11,    1,    3,    6
2455.000,  70,   8, 252, 251,   -2,   10,   14,    2
2456.000,  18, 227, 248, 254,   14,   10,    7,   -8
2457.000, 228, 192, 255, 252,   12,    0,  -10,  -16
2458.000, 179, 161, 253, 252,   -6,  -12,  -16,  -13
2459.000, 129, 126, 252, 251,  -17,  -18,    0,    1
2460.000,  77,  92, 254, 253,   -5,  -12,   16,   15
2461.000,  29,  59, 252, 252,   11,    3,   10,   20
2462.000, 246,  26, 255, 250,   14,   16,   -4,   12
2463.000, 201, 245, 250, 250,    3,   16,  -14,   -4
2464.000, 156, 203, 253, 255,  -12,    4,  -10,  -15
2465.000, 108, 162, 253, 251,  -14,  -11,    8,  -12
2466.000,  61, 121, 249, 252,    1,  -18,   17,    3
2467.000,  18,  85, 252, 254,   16,   -9,    8,   16
2468.000, 227,  46, 255, 251,   16,    8,  -14,   17
2469.000, 180,   8, 255, 252,   -7,   20,  -23,    4
2470.000, 130, 230, 254, 252,  -25,   20,   -1,  -14
2471.000,  81, 195, 253, 254,  -10,    2,   24,  -27
2472.000,  28, 161, 250, 252,   20,  -20,   17,  -21
2473.000, 236, 129, 252, 252,   23,  -31,  -12,   -1
2474.000, 187,  95, 254, 250,   -3,  -21,  -25,   22
2475.000, 142,  62, 253, 251,  -23,    2,   -8,   30
2476.000,  92,  26, 253, 253,  -17,   23,   20,   17
2477.000,  42, 244, 254, 252,   14,   27,   23,   -8
2478.000, 247, 209, 252, 254,   26,   12,   -6,  -28
2479.000, 197, 174, 253, 253,    3,  -13,  -26,  -28

[ANTENNA_MEASUREMENT_VALUE_3]
2400.000,  57, 123, 249, 252,    1,   -9,    9,    1
2401.000,  17,  76, 248, 252,   10,   -2,    4,    7
2402.000, 224,  25, 254, 249,    9,    6,   -9,    4
2403.000, 177, 236, 253, 247,   -6,    8,  -14,   -4
2404.000, 129, 198, 252, 255,  -17,    2,    0,  -11
2405.000,  79, 162, 253, 252,   -7,   -9,   17,  -10
2406.000,  31, 127, 253, 254,   14,  -14,   13,    1
2407.000, 240,  92, 252, 252,   18,  -10,   -7,   12
2408.000, 193,  58, 251, 252,    0,    2,  -20,   16
2409.000, 148,  23, 254, 253,  -18,   14,  -10,    9
2410.000, 102, 243, 252, 254,  -18,   16,   13,   -5
2411.000,  56, 207, 252, 252,    5,    6,   24,  -17
2412.000,   6, 169, 252, 251,   26,  -10,    4,  -17
2413.000, 213, 133, 254, 253,   14,  -21,  -25,   -3
2414.000, 163,  99, 252, 251,  -19,  -17,  -22,   15
2415.000, 114,  63, 254, 254,  -29,    0,   11,   24
2416.000,  63,  31, 253, 254,    0,   18,   31,   17
2417.000,  14, 251, 252, 253,   30,   26,   11,   -3
2418.000, 221, 213, 254, 254,   21,   13,  -24,  -24
2419.000, 172, 179, 250, 252,  -16,   -8,  -29,  -26
2420.000, 124, 145, 253, 252,  -34,  -26,    3,  -11
2421.000,  76, 111, 249, 253,  -10,  -26,   33,   12
2422.000,  29,  77, 254, 252,   26,   -9,   22,   28
2423.000, 238,  42, 253, 254,   31,   15,  -15,   26
2424.000, 191,   8, 250, 254,   -1,   29,  -36,    5
2425.000, 144, 227, 252, 253,  -36,   22,  -15,  -19
2426.000,  94, 190, 254, 250,  -27,   -2,   31,  -30
2427.000,  44, 153, 252, 251,   20,  -27,   38,  -19
2428.000, 249, 117, 253, 253,   44,  -34,   -8,    9
2429.000, 199,  84, 255, 252,    8,  -17,  -45,   33
2430.000, 146,  49, 254, 252,  -42,   14,  -20,   36
2431.000,  94,  17, 252, 253,  -30,   36,   33,   16
2432.000,  45, 241, 251, 250,   19,   37,   39,  -14
2433.000, 253, 210, 253, 252,   40,   17,   -3,  -35
2434.000, 206, 178, 254, 250,   13,  -13,  -36,  -34
2435.000, 159, 143, 255, 253,  -26,  -32,  -25,  -12
2436.000, 112, 107, 253, 252,  -33,  -28,   14,   16
2437.000,  64,  72, 252, 253,    0,   -6,   36,   30
2438.000,  17,  33, 255, 250,   33,   20,   15,   22
2439.000, 224, 253, 253, 253,   25,   30,  -26,   -2
2440.000, 174, 217, 252, 254,  -15,   18,  -32,  -25
2441.000, 126, 182, 252, 252,  -35,   -7,    2,  -30
2442.000,  76, 143, 252, 254,  -10,  -28,   33,  -10
2443.000,  28, 110, 254, 253,   26,  -27,   22,   13
2444.000, 234,  73, 254, 251,   30,   -6,  -18,   28
2445.000, 187,  41, 254, 252,   -4,   16,  -34,   24
2446.000, 138,   7, 253, 251,  -31,   29,   -8,    5
2447.000,  89, 230, 252, 253,  -17,   23,   25,  -17
2448.000,  40, 197, 250, 252,   15,    3,   22,  -27
2449.000, 250, 161, 254, 254,   24,  -17,   -4,  -18
2450.000, 206, 127, 252, 251,    7,  -23,  -21,    0
2451.000, 161,  90, 250, 254,  -15,  -12,  -15,   16
2452.000, 115,  51, 252, 253,  -20,    6,    6,   18
2453.000,  70,  11, 252, 253,   -3,   17,   20,    5
2454.000,  21, 226, 250, 252,   18,   13,   10,  -12
2455.000, 229, 189, 253, 253,   15,   -1,  -12,  -17
2456.000, 185, 153, 253, 252,   -3,  -14,  -17,  -10
2457.000, 145, 118, 253, 251,  -14,  -16,   -6,    4
2458.000, 110,  81, 249, 252,  -14,   -6,    7,   13
2459.000,  69,  38, 252, 252,   -2,    8,   19,   11
2460.000,  23, 248, 253, 253,   20,   13,   12,   -3
2461.000, 228, 204, 253, 252,   20,    5,  -17,  -15
2462.000, 179, 168, 251, 252,   -9,  -11,  -27,  -16
2463.000, 131, 133, 253, 254,  -28,  -22,   -2,   -2
2464.000,  83,  99, 253, 254,  -13,  -18,   27,   16
2465.000,  36,  63, 253, 252,   21,    0,   25,   24
2466.000, 240,  24, 253, 254,   32,   21,  -13,   14
2467.000, 191, 245, 254, 254,   -1,   26,  -36,   -7
2468.000, 142, 211, 252, 253,  -35,   13,  -12,  -26
2469.000,  95, 177, 251, 254,  -26,  -11,   28,  -28
2470.000,  46, 145, 251, 253,   17,  -28,   35,  -12
2471.000, 254, 110, 254, 254,   40,  -29,   -2,   14
2472.000, 205,  76, 252, 252,   13,   -9,  -39,   32
2473.000, 156,  41, 253, 253,  -32,   18,  -26,   28
2474.000, 107,   7, 254, 254,  -35,   34,   21,    6
2475.000,  57, 229, 253, 251,    7,   27,   40,  -21
2476.000,   8, 195, 253, 252,   39,    2,    8,  -34
2477.000, 214, 160, 254, 254,   20,  -24,  -33,  -24
2478.000, 166, 126, 253, 253,  -22,  -33,  -30,    2
2479.000, 119,  91, 254, 253,  -35,  -20,    8,   26

[PMU_VALUES_END]

[AGCTGT_INITIATOR]
[ 1 1 1 1 ]
[AGCTGT_INITIATOR_END]
[AGCTGT_REFLECTOR]
[ 1 1 1 1 ]
[AGCTGT_REFLECTOR_END]
[OVERDRIVING_INITIATOR]
[ 0 0 0 0 ]
[OVERDRIVING_INITIATOR_END]
[OVERDRIVING_REFLECTOR]
[ 0 0 0 0 ]
[OVERDRIVING_REFLECTOR_END]
FIRMWARE VERSION: 1979
